
========================= derivs01 =========================
[38;5;202mPc = [0 1.25 2.5 3.75 5]
[0mCcb @ 1.250,0.9987   -0.004024784197518636  -0.0040247841974285475 [1;32m  9.008852691616553e-14[0m
Ccd @ 1.250,0.9987   -0.010010289493377981   -0.010010289493358374 [1;32m  1.960757944896585e-14[0m
Ccb @ 2.500,0.9866    -0.02666055756126699   -0.026660557560204568 [1;32m 1.0624209845211396e-12[0m
Ccd @ 2.500,0.9866     -0.0456950786927403     -0.0456950786922572 [1;32m  4.830996713778291e-13[0m
Ccb @ 3.750,0.9350     -0.0885411545741356    -0.08854115401207238 [1;32m  5.620632154146321e-10[0m
Ccd @ 3.750,0.9350    -0.09723015739378546    -0.09723015745068406 [1;32m 5.6898596945131885e-11[0m
Ccb @ 5.000,0.8087    -0.15944687904900326    -0.15944687904789998 [1;32m 1.1032841307212493e-12[0m
Ccd @ 5.000,0.8087    -0.07144682036226087    -0.07144682035685947 [1;32m   5.40140154825508e-12[0m

========================= mdl01 =========================
[1;33m    it                Cc                sl               δsl                 r   ex(r)
[0m[0;33m     0 -0.11480169276319  0.27817419283593  0.00000000000000 -1.9974359911e-02      -1
[0m[0;33m     1 -0.11677030248649  0.28444607872040  0.00627188588447 -3.8594254097e-03      -2
[0m[0;33m     2 -0.11714812113653  0.28565883964534  0.00121276092494 -7.5757123461e-04      -3
[0m[0;33m     3 -0.11722218614290  0.28589692630702  0.00023808666168 -1.4915954108e-04      -3
[0m[0;33m     4 -0.11723676516171  0.28594380484518  0.00004687853816 -2.9385908828e-05      -4
[0m[0;33m     5 -0.11723963722668  0.28595304042984  0.00000923558466 -5.7899993399e-06      -5
[0m[0;33m     6 -0.11724020311312  0.28595486014839  0.00000181971855 -1.1408485854e-06      -5
[0m[0;33m     7 -0.11724031461391  0.28595521870176  0.00000035855337 -2.2479129713e-07      -6
[0m[0;33m     8 -0.11724033658386  0.28595528935064  0.00000007064888 -4.4292620016e-08      -7
[0m[0;33m     9 -0.11724034091280  0.28595530327122  0.00000001392058 -8.7273688276e-09      -8
[0m[0;33m    10 -0.11724034176577  0.28595530601411  0.00000000274289 -1.7196311042e-09      -8
[0m[0;33m    11 -0.11724034193384  0.28595530655457  0.00000000054046 -3.3883407191e-10      -9
[0m[38;5;59m  pc0=5.000000  sl0=0.872157  Δpl=-5.000000  Δpg=0.000000  Δpc=5.000000
[0m[38;5;59m  converged with 11 iterations
[0m[1;33m    it                Cc                sl               δsl                 r   ex(r)
[0m[0;33m     0 -0.00000000000000  0.00500000000000  0.00000000000000 -2.8095530655e-01       0
[0m[0;33m     1 -0.03337015727729  0.10299173183603  0.09799173183603 -1.6112788332e-02      -1
[0m[0;33m     2 -0.03523424249083  0.10907572328940  0.00608399145336 -7.0837081101e-04      -3
[0m[0;33m     3 -0.03531596335203  0.10934414476555  0.00026842147615 -3.1345028877e-05      -4
[0m[0;33m     4 -0.03531957899621  0.10935602409012  0.00001187932457 -1.3874834074e-06      -5
[0m[0;33m     5 -0.03531973904130  0.10935654993035  0.00000052584023 -6.1417715913e-08      -7
[0m[0;33m     6 -0.03531974612578  0.10935657320696  0.00000002327661 -2.7186908835e-09      -8
[0m[0;33m     7 -0.03531974643938  0.10935657423732  0.00000000103035 -1.2034437336e-10      -9
[0m[38;5;59m  pc0=10.000000  sl0=0.285955  Δpl=-5.000000  Δpg=0.000000  Δpc=5.000000
[0m[38;5;59m  converged with 7 iterations
[0m[1;33m    it                Cc                sl               δsl                 r   ex(r)
[0m[0;33m     0 -0.00451488921425  0.02105720813886  0.00000000000000 -6.5724920027e-02      -1
[0m[0;33m     1 -0.01191832361535  0.04855747225307  0.02750026411421 -1.2074839075e-03      -2
[0m[0;33m     2 -0.01205363903620  0.04907445182030  0.00051697956723 -1.3927236024e-05      -4
[0m[0;33m     3 -0.01205519957194  0.04908041704680  0.00000596522650 -1.5933079981e-07      -6
[0m[0;33m     4 -0.01205521742481  0.04908048529068  0.00000006824388 -1.8226096951e-09      -8
[0m[0;33m     5 -0.01205521762903  0.04908048607133  0.00000000078065 -2.0849093285e-11     -10
[0m[38;5;59m  pc0=15.000000  sl0=0.109357  Δpl=-5.000000  Δpg=0.000000  Δpc=5.000000
[0m[38;5;59m  converged with 5 iterations
[0m[1;33m    it                Cc                sl               δsl                 r   ex(r)
[0m[0;33m     0 -0.00317304107238  0.01894244199876  0.00000000000000 -1.4272838711e-02      -1
[0m[0;33m     1 -0.00466929197243  0.02565438830972  0.00671194631096 -7.9637899453e-05      -4
[0m[0;33m     2 -0.00467763082629  0.02569204871503  0.00003766040531 -2.8322484577e-07      -6
[0m[0;33m     3 -0.00467766048244  0.02569218265488  0.00000013393985 -1.0042542527e-09      -8
[0m[0;33m     4 -0.00467766058759  0.02569218312980  0.00000000047492 -3.5608321847e-12     -11
[0m[38;5;59m  pc0=20.000000  sl0=0.049080  Δpl=-5.000000  Δpg=0.000000  Δpc=5.000000
[0m[38;5;59m  converged with 4 iterations
[0m[1;33m    it                Cc                sl               δsl                 r   ex(r)
[0m[0;33m     0 -0.00172597753374  0.01399803166082  0.00000000000000 -3.0642638003e-03      -2
[0m[0;33m     1 -0.00202384446349  0.01556741746803  0.00156938580722 -5.5433442987e-06      -5
[0m[0;33m     2 -0.00202438315539  0.01557026016696  0.00000284269893 -7.1858688132e-09      -8
[0m[0;33m     3 -0.00202438385370  0.01557026385198  0.00000000368502 -9.3085053554e-12     -11
[0m[38;5;59m  pc0=25.000000  sl0=0.025692  Δpl=-5.000000  Δpg=0.000000  Δpc=5.000000
[0m[38;5;59m  converged with 3 iterations
[0m[1;33m    it                Cc                sl               δsl                 r   ex(r)
[0m[0;33m     0 -0.00088239135495  0.01032257770494  0.00000000000000 -8.3572937227e-04      -3
[0m[0;33m     1 -0.00095785417096  0.01078040977312  0.00045783206818 -5.8322405248e-07      -6
[0m[0;33m     2 -0.00095790682844  0.01078072939184  0.00000031961873 -3.1795392881e-10      -9
[0m[38;5;59m  pc0=30.000000  sl0=0.015570  Δpl=-5.000000  Δpg=0.000000  Δpc=5.000000
[0m[38;5;59m  converged with 2 iterations
[0m[1;33m    it                Cc                sl               δsl                 r   ex(r)
[0m[0;33m     0 -0.00044115582740  0.00802368911446  0.00000000000000 -5.5126114039e-04      -3
[0m[0;33m     1 -0.00048755324544  0.00834276304871  0.00031907393425 -2.0011593028e-07      -6
[0m[0;33m     2 -0.00048757008705  0.00834287890501  0.00000011585630 -5.1603472797e-11     -10
[0m[38;5;59m  pc0=35.000000  sl0=0.010781  Δpl=-5.000000  Δpg=0.000000  Δpc=5.000000
[0m[38;5;59m  converged with 2 iterations
[0m[1;33m    it                Cc                sl               δsl                 r   ex(r)
[0m[0;33m     0 -0.00023814275174  0.00682910263721  0.00000000000000 -3.2306250909e-04      -3
[0m[0;33m     1 -0.00026358321926  0.00702489936902  0.00019579673180 -6.3439700227e-08      -7
[0m[0;33m     2 -0.00026358821472  0.00702493782294  0.00000003845392 -8.4962824536e-12     -11
[0m[38;5;59m  pc0=40.000000  sl0=0.008343  Δpl=-5.000000  Δpg=0.000000  Δpc=5.000000
[0m[38;5;59m  converged with 2 iterations
[0m[1;33m    it                Cc                sl               δsl                 r   ex(r)
[0m[0;33m     0 -0.00013609807972  0.00615817400954  0.00000000000000 -1.8627341481e-04      -3
[0m[0;33m     1 -0.00014987344868  0.00627554995879  0.00011737594925 -2.0620746799e-08      -7
[0m[0;33m     2 -0.00014987497358  0.00627556295351  0.00000001299472 -1.5429237749e-12     -11
[0m[38;5;59m  pc0=45.000000  sl0=0.007025  Δpl=-5.000000  Δpg=0.000000  Δpc=5.000000
[0m[38;5;59m  converged with 2 iterations
[0m[1;33m    it                Cc                sl               δsl                 r   ex(r)
[0m[0;33m     0 -0.00008136740376  0.00576000641899  0.00000000000000 -1.0871951571e-04      -3
[0m[0;33m     1 -0.00008894413893  0.00583083520162  0.00007082878263 -7.0572469029e-09      -8
[0m[0;33m     2 -0.00008894463074  0.00583083979950  0.00000000459788 -3.1226757291e-13     -12
[0m[38;5;59m  pc0=50.000000  sl0=0.006276  Δpl=-5.000000  Δpg=0.000000  Δpc=5.000000
[0m[38;5;59m  converged with 2 iterations
[0m[1;33m    it                Cc                sl               δsl                 r   ex(r)
[0m[0;33m     0 -0.00000053678262  0.00583287905189  0.00000000000000 -6.4466072196e-07      -6
[0m[0;33m     1 -0.00000053678182  0.00583352370860  0.00000064465671 -2.4229377456e-18     -17
[0m[38;5;59m  pc0=55.000000  sl0=0.005831  Δpl=5.000000  Δpg=0.000000  Δpc=-5.000000
[0m[38;5;59m  converged with 1 iterations
[0m[1;33m    it                Cc                sl               δsl                 r   ex(r)
[0m[0;33m     0 -0.00000110529840  0.00583762891824  0.00000000000000 -1.4212823367e-06      -5
[0m[0;33m     1 -0.00000110529476  0.00583905018238  0.00000142126414 -2.6049651260e-17     -16
[0m[38;5;59m  pc0=50.000000  sl0=0.005834  Δpl=5.000000  Δpg=0.000000  Δpc=-5.000000
[0m[38;5;59m  converged with 1 iterations
[0m[1;33m    it                Cc                sl               δsl                 r   ex(r)
[0m[0;33m     0 -0.00000247335109  0.00584799684601  0.00000000000000 -3.4200918364e-06      -5
[0m[0;33m     1 -0.00000247333149  0.00585141683984  0.00000341999383 -3.3475080889e-16     -15
[0m[38;5;59m  pc0=45.000000  sl0=0.005839  Δpl=5.000000  Δpg=0.000000  Δpc=-5.000000
[0m[38;5;59m  converged with 1 iterations
[0m[1;33m    it                Cc                sl               δsl                 r   ex(r)
[0m[0;33m     0 -0.00000614649281  0.00587296672759  0.00000000000000 -9.1825762878e-06      -5
[0m[0;33m     1 -0.00000614636203  0.00588214864997  0.00000918192238 -6.0038101877e-15     -14
[0m[38;5;59m  pc0=40.000000  sl0=0.005851  Δpl=5.000000  Δpg=0.000000  Δpc=-5.000000
[0m[38;5;59m  converged with 1 iterations
[0m[1;33m    it                Cc                sl               δsl                 r   ex(r)
[0m[0;33m     0 -0.00001750398348  0.00594127739350  0.00000000000000 -2.8391173869e-05      -4
[0m[0;33m     1 -0.00001750283211  0.00596966281035  0.00002838541685 -1.6341232024e-13     -12
[0m[38;5;59m  pc0=35.000000  sl0=0.005882  Δpl=5.000000  Δpg=0.000000  Δpc=-5.000000
[0m[38;5;59m  converged with 1 iterations
[0m[1;33m    it                Cc                sl               δsl                 r   ex(r)
[0m[0;33m     0 -0.00005992506920  0.00616326940239  0.00000000000000 -1.0601875395e-04      -3
[0m[0;33m     1 -0.00005991035726  0.00626921458885  0.00010594518646 -7.7935712896e-12     -11
[0m[38;5;59m  pc0=30.000000  sl0=0.005970  Δpl=5.000000  Δpg=0.000000  Δpc=-5.000000
[0m[38;5;59m  converged with 1 iterations
[0m[1;33m    it                Cc                sl               δsl                 r   ex(r)
[0m[0;33m     0 -0.00026660273348  0.00708629736975  0.00000000000000 -5.1593088649e-04      -3
[0m[0;33m     1 -0.00026628501216  0.00760063883241  0.00051434146266 -8.1722632914e-10      -9
[0m[38;5;59m  pc0=25.000000  sl0=0.006269  Δpl=5.000000  Δpg=0.000000  Δpc=-5.000000
[0m[38;5;59m  converged with 1 iterations
[0m[1;33m    it                Cc                sl               δsl                 r   ex(r)
[0m[0;33m     0 -0.00176343330215  0.01271380064595  0.00000000000000 -3.7040046972e-03      -2
[0m[0;33m     1 -0.00174862216646  0.01634348054109  0.00362967989514 -2.6912362428e-07      -6
[0m[0;33m     2 -0.00174862109407  0.01634374430274  0.00000026376165 -1.4190038033e-15     -14
[0m[38;5;59m  pc0=20.000000  sl0=0.007601  Δpl=5.000000  Δpg=0.000000  Δpc=-5.000000
[0m[38;5;59m  converged with 2 iterations
[0m[1;33m    it                Cc                sl               δsl                 r   ex(r)
[0m[0;33m     0 -0.02052687261412  0.07897173843557  0.00000000000000 -4.0006368938e-02      -1
[0m[0;33m     1 -0.01900725295046  0.11113302492542  0.03216128648984 -2.4698412965e-04      -3
[0m[0;33m     2 -0.01899805939868  0.11133403205569  0.00020100713027 -9.2404663921e-09      -8
[0m[0;33m     3 -0.01899805905477  0.11133403957657  0.00000000752088 -2.7755575616e-17     -16
[0m[38;5;59m  pc0=15.000000  sl0=0.016344  Δpl=5.000000  Δpg=0.000000  Δpc=-5.000000
[0m[38;5;59m  converged with 3 iterations
[0m[1;33m    it                Cc                sl               δsl                 r   ex(r)
[0m[0;33m     0 -0.00000000000000  1.00000000000000  0.00000000000000  8.8866596042e-01       0
[0m[0;33m     1 -0.15917639395322  0.67869935052095 -0.32130064947905 -2.2851665882e-01       0
[0m[0;33m     2 -0.12574505336111  0.73114025593467  0.05244090541373 -8.9190504474e-03      -2
[0m[0;33m     3 -0.12440758145810  0.73335711100531  0.00221685507064 -1.4835861736e-05      -4
[0m[0;33m     4 -0.12440535425288  0.73336081079978  0.00000369979447 -4.1201153600e-11     -10
[0m[38;5;59m  pc0=10.000000  sl0=0.111334  Δpl=5.000000  Δpg=0.000000  Δpc=-5.000000
[0m[38;5;59m  converged with 4 iterations
[0mPASS
ok  	github.com/cpmech/gofem/mporous	0.015s
