
========================= p02_ =========================

            t  it                 largFb                    Lδu
 5.000000e+01   0  1.002272761708355e+00  1.700669622380548e+05
 5.000000e+01   1  1.960394228949034e-17  1.700669622380548e+05

            t  it                 largFb                    Lδu
 1.000000e+02   0  1.000000000000000e+00  1.165026243339610e+05
 1.000000e+02   1  3.033809274331267e-17  1.165026243339610e+05

            t  it                 largFb                    Lδu
 1.500000e+02   0  1.000000000000000e+00  9.146221652183752e+04
 1.500000e+02   1  5.042012587623486e-17  9.146221652183752e+04

            t  it                 largFb                    Lδu
 2.000000e+02   0  1.000000000000000e+00  7.828567418451171e+04
 2.000000e+02   1  2.519348989956231e-17  7.828567418451171e+04

            t  it                 largFb                    Lδu
 2.500000e+02   0  1.000000000000000e+00  7.145610527303402e+04
 2.500000e+02   1  5.003111730981189e-17  7.145610527303402e+04

            t  it                 largFb                    Lδu
 3.000000e+02   0  1.000000000000000e+00  6.904791068602075e+04
 3.000000e+02   1  1.147956547407835e-08  5.522491410798162e+00
 3.000000e+02   2  4.022302844421073e-13  5.522491410798162e+00

            t  it                 largFb                    Lδu
 3.500000e+02   0  1.000000000000000e+00  6.125595242598600e+04
 3.500000e+02   1  6.740240206310571e-05  1.076119597620999e+04
 3.500000e+02   2  9.737962045005632e-06  2.135569848145819e+03
 3.500000e+02   3  2.915653570048106e-07  6.796170354590878e+01
 3.500000e+02   4  2.801581403661085e-10  6.796170354590878e+01

            t  it                 largFb                    Lδu
 4.000000e+02   0  1.000000000000000e+00  2.403829823378381e+05
 4.000000e+02   1  5.768715607597594e-03  7.437590676686529e+04
 4.000000e+02   2  1.251633175130288e-03  3.251559656408192e+04
 4.000000e+02   3  3.541137232602795e-04  1.946200614763119e+04
 4.000000e+02   4  8.507317888087329e-05  8.414901067781135e+03
 4.000000e+02   5  1.108669659099421e-05  1.462744857606049e+03
 4.000000e+02   6  2.833507973553810e-07  3.938419240829612e+01
 4.000000e+02   7  1.995957845582605e-10  3.938419240829612e+01

            t  it                 largFb                    Lδu
 4.500000e+02   0  1.000000000000000e+00  6.498218930089850e+04
 4.500000e+02   1  3.344605741479296e-04  1.667886384566620e+04
 4.500000e+02   2  6.820198656282405e-05  5.512622141752466e+03
 4.500000e+02   3  5.824072042020824e-06  5.650086738271362e+02
 4.500000e+02   4  5.601199444813979e-08  5.540351239569678e+00
 4.500000e+02   5  5.337197223347252e-12  5.540351239569678e+00

            t  it                 largFb                    Lδu
 5.000000e+02   0  1.000000000000000e+00  1.115852257255348e+05
 5.000000e+02   1  1.606887438499589e-03  3.630424097734297e+04
 5.000000e+02   2  3.763255307536469e-04  1.549974575932744e+04
 5.000000e+02   3  6.409946099849050e-05  3.921719301160666e+03
 5.000000e+02   4  3.577125036323346e-06  2.459656707637711e+02
 5.000000e+02   5  1.349397371448670e-08  9.349211736104897e-01
 5.000000e+02   6  1.944403703801542e-13  9.349211736104897e-01

            t  it                 largFb                    Lδu
 5.500000e+02   0  1.000000000000000e+00  7.988557858095423e+04
 5.500000e+02   1  8.107286862522304e-04  2.407942486621101e+04
 5.500000e+02   2  1.483820431880923e-04  6.837441294505368e+03
 5.500000e+02   3  1.157705420271958e-05  6.303327978593341e+02
 5.500000e+02   4  9.482020832067139e-08  5.248510795112388e+00
 5.500000e+02   5  6.548268275275576e-12  5.248510795112388e+00

            t  it                 largFb                    Lδu
 6.000000e+02   0  1.000000000000000e+00  7.547042927268668e+04
 6.000000e+02   1  6.981688213398162e-04  2.168212799463683e+04
 6.000000e+02   2  9.878593147978345e-05  4.266469376763029e+03
 6.000000e+02   3  4.071178444192361e-06  1.914727357208156e+02
 6.000000e+02   4  8.169520249797380e-09  1.914727357208156e+02

            t  it                 largFb                    Lδu
 6.500000e+02   0  1.000000000000000e+00  7.158550880155111e+04
 6.500000e+02   1  5.389410229351243e-04  1.812276797246770e+04
 6.500000e+02   2  5.247715353183790e-05  2.197030651792837e+03
 6.500000e+02   3  8.705963763228747e-07  3.767757038413595e+01
 6.500000e+02   4  2.578279565215204e-10  3.767757038413595e+01

            t  it                 largFb                    Lδu
 7.000000e+02   0  1.000000000000000e+00  7.223091288278646e+04
 7.000000e+02   1  4.182809846763452e-04  1.542848804702991e+04
 7.000000e+02   2  2.530047742640474e-05  1.065191841253136e+03
 7.000000e+02   3  1.421661656636258e-07  6.049720881042234e+00
 7.000000e+02   4  4.615470793100165e-12  6.049720881042234e+00

            t  it                 largFb                    Lδu
 7.500000e+02   0  1.000000000000000e+00  7.726695704478709e+04
 7.500000e+02   1  3.106642064050048e-04  1.305724164782038e+04
 7.500000e+02   2  9.882147311544159e-06  4.440235881208621e+02
 7.500000e+02   3  1.382395651230062e-08  6.229278011610788e-01
 7.500000e+02   4  2.738266427840252e-14  6.229278011610788e-01

            t  it                 largFb                    Lδu
 8.000000e+02   0  1.000000000000000e+00  8.876245247093488e+04
 8.000000e+02   1  2.099175237518242e-04  1.068868307388477e+04
 8.000000e+02   2  2.503346577689399e-06  1.300053410998484e+02
 8.000000e+02   3  4.335639371935880e-10  1.300053410998484e+02

            t  it                 largFb                    Lδu
 8.500000e+02   0  1.000000000000000e+00  1.124150866639836e+05
 8.500000e+02   1  1.109292204985893e-04  7.547385513349656e+03
 8.500000e+02   2  9.235016790675420e-08  6.165115516305447e+00
 8.500000e+02   3  8.928578362765727e-14  6.165115516305447e+00

            t  it                 largFb                    Lδu
 9.000000e+02   0  1.000000000000000e+00  1.675645402591453e+05
 9.000000e+02   1  2.943962978328967e-05  1.018917074770177e+03
 9.000000e+02   2  5.108667243001932e-08  6.617772257570139e-01
 9.000000e+02   3  1.306035900087987e-13  6.617772257570139e-01

            t  it                 largFb                    Lδu
 9.500000e+02   0  1.000000000000000e+00  1.303817063302896e+05
 9.500000e+02   1  1.006601530673466e-04  8.818041157510708e+03
 9.500000e+02   2  9.905549312281691e-07  8.850595144100187e+01
 9.500000e+02   3  1.028450839031178e-10  8.850595144100187e+01

            t  it                 largFb                    Lδu
 1.000000e+03   0  1.000000000000000e+00  1.016666075052537e+05
 1.000000e+03   1  2.226350304031312e-04  1.616695721863735e+04
 1.000000e+03   2  8.852306088154174e-06  7.003048282494432e+02
 1.000000e+03   3  1.763801059508985e-08  1.406561013417835e+00
 1.000000e+03   4  7.462590658272039e-14  1.406561013417835e+00

            t  it                 largFb                    Lδu
 1.050000e+03   0  1.000000000000000e+00  8.809832450821540e+04
 1.050000e+03   1  3.584449883610250e-04  2.492437175026529e+04
 1.050000e+03   2  3.601689272069288e-05  3.167810881456218e+03
 1.050000e+03   3  5.783693564344284e-07  5.341738118819930e+01
 1.050000e+03   4  1.705396735288134e-10  5.341738118819930e+01

            t  it                 largFb                    Lδu
 1.100000e+03   0  1.000000000000000e+00  8.451530035611537e+04
 1.100000e+03   1  4.980953141542927e-04  3.858718331525995e+04
 1.100000e+03   2  9.786535733327293e-05  1.281062262692735e+04
 1.100000e+03   3  8.400568015599766e-06  1.415437901844038e+03
 1.100000e+03   4  9.374309009531649e-08  1.672473407139672e+01
 1.100000e+03   5  1.316164776991868e-11  1.672473407139672e+01

            t  it                 largFb                    Lδu
 1.150000e+03   0  1.000000000000000e+00  9.495394918548678e+04
 1.150000e+03   1  5.841144698197349e-04  6.387442946571318e+04
 1.150000e+03   2  1.548240358087829e-04  4.174511532965189e+04
 1.150000e+03   3  3.825277631335937e-05  9.117815033483213e+03
 1.150000e+03   4  2.548049512986623e-06  3.104575447442693e+02
 1.150000e+03   5  2.054180344644415e-08  1.905212074953888e+00
 1.150000e+03   6  1.097458902183865e-11  1.905212074953888e+00

            t  it                 largFb                    Lδu
 1.200000e+03   0  1.000000000000000e+00  2.089879302462790e+05
 1.200000e+03   1  3.016762997198225e-04  2.569938094279982e+04
 1.200000e+03   2  5.144558588558978e-05  8.606753198833656e+03
 1.200000e+03   3  2.786659249132332e-06  4.941640949243564e+02
 1.200000e+03   4  8.247563963460205e-09  4.941640949243564e+02

            t  it                 largFb                    Lδu
 1.250000e+03   0  1.000000000000000e+00  1.525858195830034e+05
 1.250000e+03   1  7.841494345963308e-04  3.080147129286536e+04
 1.250000e+03   2  1.635681958637872e-04  1.047775172287027e+04
 1.250000e+03   3  1.434651263496272e-05  1.124908482985535e+03
 1.250000e+03   4  1.509763261449475e-07  1.209675358555441e+01
 1.250000e+03   5  1.694645171362679e-11  1.209675358555441e+01

            t  it                 largFb                    Lδu
 1.300000e+03   0  1.000000000000000e+00  5.547214583667539e+05
 1.300000e+03   1  4.698236440850450e-03  1.607066263417547e+05
 1.300000e+03   2  4.247789973768327e-04  2.187483604431742e+04
 1.300000e+03   3  4.984269571409744e-05  3.535660171838756e+03
 1.300000e+03   4  1.181740283535172e-06  8.781634022088977e+01
 1.300000e+03   5  7.201418579981637e-10  8.781634022088977e+01

            t  it                 largFb                    Lδu
 1.350000e+03   0  1.000000000000000e+00  1.764933590673408e+05
 1.350000e+03   1  7.644395287490751e-04  4.056356610246334e+04
 1.350000e+03   2  9.941741718872757e-05  7.227036598510310e+03
 1.350000e+03   3  3.190823639953933e-06  2.505843486946341e+02
 1.350000e+03   4  3.838484061579421e-09  2.505843486946341e+02

            t  it                 largFb                    Lδu
 1.400000e+03   0  1.000000000000000e+00  2.357863867501806e+05
 1.400000e+03   1  7.202570268233929e-04  5.133214692123326e+04
 1.400000e+03   2  6.507045170051537e-05  5.751963140015415e+03
 1.400000e+03   3  9.520944466436046e-07  8.770334480632145e+01
 1.400000e+03   4  2.241556491508793e-10  8.770334480632145e+01

            t  it                 largFb                    Lδu
 1.450000e+03   0  1.000000000000000e+00  1.590390005918901e+05
 1.450000e+03   1  4.702700536813000e-04  3.323027890289616e+04
 1.450000e+03   2  2.205549571691757e-05  1.795486360447515e+03
 1.450000e+03   3  7.137357229594074e-08  5.994971918316130e+00
 1.450000e+03   4  7.127227004107353e-13  5.994971918316130e+00

            t  it                 largFb                    Lδu
 1.500000e+03   0  1.000000000000000e+00  1.124761468187963e+05
 1.500000e+03   1  3.175716049012101e-04  1.532602155313137e+04
 1.500000e+03   2  5.649915288007630e-06  2.972896559759657e+02
 1.500000e+03   3  2.446414816168960e-09  2.972896559759657e+02

            t  it                 largFb                    Lδu
 1.550000e+03   0  1.000000000000000e+00  8.829691263160689e+04
 1.550000e+03   1  1.840126915998438e-04  6.189320562632944e+03
 1.550000e+03   2  1.865897068614145e-07  9.918972574875921e+00
 1.550000e+03   3  3.199481105671965e-12  9.918972574875921e+00

            t  it                 largFb                    Lδu
 1.600000e+03   0  1.000000000000000e+00  7.497263082581446e+04
 1.600000e+03   1  5.830410862765794e-05  1.298314911584391e+03
 1.600000e+03   2  1.643352701011989e-07  1.766328432794585e+01
 1.600000e+03   3  5.831655213524474e-12  1.766328432794585e+01

            t  it                 largFb                    Lδu
 1.650000e+03   0  1.000000000000000e+00  6.784561451016361e+04
 1.650000e+03   1  7.577120028454976e-05  5.065658134565026e+03
 1.650000e+03   2  7.722297794796490e-07  5.399424663555566e+01
 1.650000e+03   3  9.995192266085487e-11  5.399424663555566e+01

            t  it                 largFb                    Lδu
 1.700000e+03   0  1.000000000000000e+00  6.515001129317207e+04
 1.700000e+03   1  1.986158057584170e-04  1.073414372991067e+04
 1.700000e+03   2  1.002064886699884e-05  5.031874981726312e+02
 1.700000e+03   3  2.820573408219591e-08  1.298737455913581e+00
 1.700000e+03   4  2.002691225745992e-13  1.298737455913581e+00

            t  it                 largFb                    Lδu
 1.750000e+03   0  1.000000000000000e+00  6.691984444378145e+04
 1.750000e+03   1  3.332730045490682e-04  1.938634557071682e+04
 1.750000e+03   2  4.447928584107374e-05  2.798264143021784e+03
 1.750000e+03   3  1.061164868692079e-06  6.385953837736496e+01
 1.750000e+03   4  6.049925699031910e-10  6.385953837736496e+01

            t  it                 largFb                    Lδu
 1.800000e+03   0  1.000000000000000e+00  7.607713414184882e+04
 1.800000e+03   1  4.521860105359306e-04  3.320622865395700e+04
 1.800000e+03   2  1.170414409306280e-04  5.723796242376055e+03
 1.800000e+03   3  8.442173026169847e-06  3.677978861826614e+02
 1.800000e+03   4  4.388440220914056e-08  1.929735392855243e+00
 1.800000e+03   5  1.148353154646446e-12  1.929735392855243e+00

            t  it                 largFb                    Lδu
 1.850000e+03   0  1.000000000000000e+00  1.438620746246630e+05
 1.850000e+03   1  1.045282322753648e-03  2.740533114843702e+04
 1.850000e+03   2  1.122075799747723e-04  5.213270094283430e+03
 1.850000e+03   3  4.453987242667085e-06  2.307828989614860e+02
 1.850000e+03   4  1.083388713257142e-08  5.937557363651716e-01
 1.850000e+03   5  4.315330659728156e-12  5.937557363651716e-01

            t  it                 largFb                    Lδu
 1.900000e+03   0  1.000000000000000e+00  3.831721657962389e+05
 1.900000e+03   1  7.178484541709743e-03  1.751197268843579e+05
 1.900000e+03   2  8.470077438231693e-04  4.935573433810940e+04
 1.900000e+03   3  3.950696347602611e-04  1.223000675507986e+04
 1.900000e+03   4  3.607835630611161e-05  1.359895634994794e+03
 1.900000e+03   5  4.369682650019573e-07  1.685542337799631e+01
 1.900000e+03   6  6.667267210330383e-11  1.685542337799631e+01

            t  it                 largFb                    Lδu
 1.950000e+03   0  1.000000000000000e+00  1.907147520995957e+05
 1.950000e+03   1  2.696696804276992e-03  6.749506085402903e+04
 1.950000e+03   2  2.167512366067035e-04  7.546876155097559e+03
 1.950000e+03   3  1.030806609101943e-05  3.752842083704835e+02
 1.950000e+03   4  2.351404011877601e-08  8.681122695111213e-01
 1.950000e+03   5  1.280751221223453e-13  8.681122695111213e-01

            t  it                 largFb                    Lδu
 2.000000e+03   0  1.000000000000000e+00  1.375749786462187e+05
 2.000000e+03   1  1.092396298064198e-03  3.685235763844712e+04
 2.000000e+03   2  5.842986242860182e-05  2.326679552771347e+03
 2.000000e+03   3  5.203859956601871e-07  2.052394050682802e+01
 2.000000e+03   4  3.671843254796081e-11  2.052394050682802e+01

            t  it                 largFb                    Lδu
 2.050000e+03   0  1.000000000000000e+00  1.362530088818424e+05
 2.050000e+03   1  5.345850324241332e-04  2.484475476502926e+04
 2.050000e+03   2  7.741209099197991e-06  3.837217725916243e+02
 2.050000e+03   3  5.361738118758990e-09  3.837217725916243e+02

            t  it                 largFb                    Lδu
 2.100000e+03   0  1.000000000000000e+00  1.690885433724145e+05
 2.100000e+03   1  2.174113301374254e-04  1.557792657437893e+04
 2.100000e+03   2  8.629788216098851e-07  6.435102296358045e+01
 2.100000e+03   3  3.730205803933208e-11  6.435102296358045e+01

            t  it                 largFb                    Lδu
 2.150000e+03   0  1.000000000000000e+00  2.011188231403736e+05
 2.150000e+03   1  1.987504016984925e-05  2.360112131108622e+03
 2.150000e+03   2  2.744380548107387e-07  3.555327573399726e+01
 2.150000e+03   3  1.224225028241965e-10  3.555327573399726e+01

            t  it                 largFb                    Lδu
 2.200000e+03   0  1.000000000000000e+00  1.322235695207154e+05
 2.200000e+03   1  2.242708231117017e-04  1.671506999937531e+04
 2.200000e+03   2  7.159496202683723e-06  5.773243720821164e+02
 2.200000e+03   3  9.328180642905002e-09  5.773243720821164e+02

            t  it                 largFb                    Lδu
 2.250000e+03   0  1.000000000000000e+00  1.038522618074093e+05
 2.250000e+03   1  4.225008831288513e-04  2.799996693071195e+04
 2.250000e+03   2  4.245139922685052e-05  3.581223801649099e+03
 2.250000e+03   3  7.026973427067939e-07  6.268990776922003e+01
 2.250000e+03   4  2.243444076344137e-10  6.268990776922003e+01

            t  it                 largFb                    Lδu
 2.300000e+03   0  1.000000000000000e+00  9.346400019856657e+04
 2.300000e+03   1  5.961514534886358e-04  4.205210578922615e+04
 2.300000e+03   2  1.173878373279439e-04  1.432945871452293e+04
 2.300000e+03   3  1.031899618009858e-05  1.690742595671391e+03
 2.300000e+03   4  1.411557784649124e-07  2.289779613059073e+01
 2.300000e+03   5  2.717867318146110e-11  2.289779613059073e+01

            t  it                 largFb                    Lδu
 2.350000e+03   0  1.000000000000000e+00  9.985177146331109e+04
 2.350000e+03   1  6.466384866848590e-04  6.134655489555849e+04
 2.350000e+03   2  1.501480916928949e-04  3.388717013344781e+04
 2.350000e+03   3  3.330455626904770e-05  6.097797259719882e+03
 2.350000e+03   4  1.445800533994466e-06  2.440024168059751e+02
 2.350000e+03   5  1.348492802112026e-08  1.090886496770979e+00
 2.350000e+03   6  4.370567655617025e-12  1.090886496770979e+00

            t  it                 largFb                    Lδu
 2.400000e+03   0  1.000000000000000e+00  1.623813204737892e+05
 2.400000e+03   1  2.667090283519163e-04  3.102813427989724e+04
 2.400000e+03   2  5.368672886005222e-05  1.070462822064541e+04
 2.400000e+03   3  3.288092147011951e-06  7.938120220660512e+02
 2.400000e+03   4  1.470521179326295e-08  3.492413188881220e+00
 2.400000e+03   5  3.586372830113004e-12  3.492413188881220e+00

            t  it                 largFb                    Lδu
 2.450000e+03   0  1.000000000000000e+00  1.539315192554666e+05
 2.450000e+03   1  8.508851258913394e-04  3.155798404835466e+04
 2.450000e+03   2  1.895385668081228e-04  1.142731626967347e+04
 2.450000e+03   3  1.918171785760104e-05  1.468801255713434e+03
 2.450000e+03   4  2.766950307941593e-07  2.182768626577602e+01
 2.450000e+03   5  5.987545847822016e-11  2.182768626577602e+01

            t  it                 largFb                    Lδu
 2.500000e+03   0  1.000000000000000e+00  4.615727722289339e+05
 2.500000e+03   1  4.637458579606922e-03  1.355692579686217e+05
 2.500000e+03   2  5.625674282370228e-04  2.631445939857016e+04
 2.500000e+03   3  8.059752392327097e-05  5.212922746088891e+03
 2.500000e+03   4  3.029842833589585e-06  2.118303123393306e+02
 2.500000e+03   5  4.895252874151957e-09  2.118303123393306e+02

            t  it                 largFb                    Lδu
 2.550000e+03   0  1.000000000000000e+00  1.865804190599923e+05
 2.550000e+03   1  9.545481136251212e-04  4.402411986972349e+04
 2.550000e+03   2  1.360609091419916e-04  8.805192726715188e+03
 2.550000e+03   3  5.735232228102579e-06  4.098685031196290e+02
 2.550000e+03   4  1.233457823439153e-08  8.849552583109948e-01
 2.550000e+03   5  4.467508721851641e-14  8.849552583109948e-01

            t  it                 largFb                    Lδu
 2.600000e+03   0  1.000000000000000e+00  2.572191142545132e+05
 2.600000e+03   1  9.202515592037608e-04  5.710291855140432e+04
 2.600000e+03   2  9.075752945759926e-05  7.119439181994529e+03
 2.600000e+03   3  1.753580913132408e-06  1.457228156882614e+02
 2.600000e+03   4  7.369732553033767e-10  1.457228156882614e+02

            t  it                 largFb                    Lδu
 2.650000e+03   0  1.000000000000000e+00  1.779987468989379e+05
 2.650000e+03   1  6.015152960613900e-04  3.952492608252257e+04
 2.650000e+03   2  3.025956032339259e-05  2.299626867402761e+03
 2.650000e+03   3  1.237889936066058e-07  9.903298490713308e+00
 2.650000e+03   4  2.079534220739360e-12  9.903298490713308e+00

            t  it                 largFb                    Lδu
 2.700000e+03   0  1.000000000000000e+00  1.231896761698826e+05
 2.700000e+03   1  3.969134308879520e-04  1.725728049542422e+04
 2.700000e+03   2  6.454607859196330e-06  2.955502537029459e+02
 2.700000e+03   3  2.727354993933774e-09  2.955502537029459e+02

            t  it                 largFb                    Lδu
 2.750000e+03   0  1.000000000000000e+00  9.559180975100066e+04
 2.750000e+03   1  2.117363871012994e-04  6.306634118133074e+03
 2.750000e+03   2  4.555755780286878e-07  5.024874528665369e+01
 2.750000e+03   3  2.708522791933926e-11  5.024874528665369e+01

            t  it                 largFb                    Lδu
 2.800000e+03   0  1.000000000000000e+00  8.091315797019895e+04
 2.800000e+03   1  3.789985527461421e-05  2.612107544842493e+03
 2.800000e+03   2  9.310474171849331e-08  4.095100766232442e+01
 2.800000e+03   3  2.068762960259278e-11  4.095100766232442e+01

            t  it                 largFb                    Lδu
 2.850000e+03   0  1.000000000000000e+00  7.338189788854025e+04
 2.850000e+03   1  1.331274348236817e-04  7.790377860039539e+03
 2.850000e+03   2  3.400805070966612e-06  1.661990374401591e+02
 2.850000e+03   3  2.222323866921637e-09  1.661990374401591e+02

            t  it                 largFb                    Lδu
 2.900000e+03   0  1.000000000000000e+00  7.106543381762668e+04
 2.900000e+03   1  3.007717276524326e-04  1.496089535556210e+04
 2.900000e+03   2  2.742853645552836e-05  1.302550856251575e+03
 2.900000e+03   3  2.725982883374989e-07  1.187738792151034e+01
 2.900000e+03   4  2.584831203651617e-11  1.187738792151034e+01

            t  it                 largFb                    Lδu
 2.950000e+03   0  1.000000000000000e+00  7.436565592896802e+04
 2.950000e+03   1  4.473780228566365e-04  2.539469322778669e+04
 2.950000e+03   2  9.140621498139544e-05  5.287882248743571e+03
 2.950000e+03   3  5.204416103192836e-06  2.619827959174285e+02
 2.950000e+03   4  1.655404018390368e-08  7.852802278149095e-01
 2.950000e+03   5  1.522320884259597e-13  7.852802278149095e-01

            t  it                 largFb                    Lδu
 3.000000e+03   0  1.000000000000000e+00  9.357702011957530e+04
 3.000000e+03   1  5.111990850939610e-04  2.236703190458031e+04
 3.000000e+03   2  1.239121516631298e-04  3.981030471218215e+03
 3.000000e+03   3  7.554576627486752e-06  3.374262051675242e+02
 3.000000e+03   4  3.482873954018873e-08  1.473571603690976e+00
 3.000000e+03   5  6.712249943959924e-13  1.473571603690976e+00

            t  it                 largFb                    Lδu
 3.050000e+03   0  1.000000000000000e+00  2.137106383191561e+05
 3.050000e+03   1  4.295102353908242e-03  6.614857264570893e+04
 3.050000e+03   2  6.908883847116687e-04  1.847688219382055e+04
 3.050000e+03   3  1.066981267313872e-04  3.866730569952103e+03
 3.050000e+03   4  4.016277977912576e-06  1.559851986236593e+02
 3.050000e+03   5  6.348400597583088e-09  1.559851986236593e+02

            t  it                 largFb                    Lδu
 3.100000e+03   0  1.000000000000000e+00  2.284978631486698e+05
 3.100000e+03   1  4.122256869905771e-03  8.582715200363313e+04
 3.100000e+03   2  2.648360908624610e-04  8.498796378134757e+03
 3.100000e+03   3  1.768944981983349e-05  5.911813308372856e+02
 3.100000e+03   4  7.677744201604192e-08  2.623176781234876e+00
 3.100000e+03   5  1.530758321748732e-12  2.623176781234876e+00

            t  it                 largFb                    Lδu
 3.150000e+03   0  1.000000000000000e+00  1.467446042062661e+05
 3.150000e+03   1  1.533242800766023e-03  4.204574675087170e+04
 3.150000e+03   2  1.112115374268826e-04  3.808766195414606e+03
 3.150000e+03   3  2.010995159613287e-06  6.956134724950560e+01
 3.150000e+03   4  6.426867542384633e-10  6.956134724950560e+01

            t  it                 largFb                    Lδu
 3.200000e+03   0  1.000000000000000e+00  1.419961276868617e+05
 3.200000e+03   1  7.960167999823096e-04  2.997707353982634e+04
 3.200000e+03   2  2.057699000413820e-05  8.490075293621624e+02
 3.200000e+03   3  4.160663080005848e-08  1.672925897432495e+00
 3.200000e+03   4  1.317382617924134e-13  1.672925897432495e+00

            t  it                 largFb                    Lδu
 3.250000e+03   0  1.000000000000000e+00  1.695887834321287e+05
 3.250000e+03   1  3.585867243190852e-04  2.051215382601048e+04
 3.250000e+03   2  6.996140351225540e-07  4.319995207909460e+01
 3.250000e+03   3  1.925618428829386e-11  4.319995207909460e+01

            t  it                 largFb                    Lδu
 3.300000e+03   0  1.000000000000000e+00  2.447388215210114e+05
 3.300000e+03   1  7.122275107701021e-05  5.160075153241366e+03
 3.300000e+03   2  3.349649869024115e-07  4.670784883124193e+01
 3.300000e+03   3  1.398732141433914e-10  4.670784883124193e+01

            t  it                 largFb                    Lδu
 3.350000e+03   0  1.000000000000000e+00  1.486421564078810e+05
 3.350000e+03   1  2.185312539081228e-04  1.507013159013736e+04
 3.350000e+03   2  5.422319837815727e-06  4.084463207723917e+02
 3.350000e+03   3  4.452256806232371e-09  4.084463207723917e+02

            t  it                 largFb                    Lδu
 3.400000e+03   0  1.000000000000000e+00  1.112369451052869e+05
 3.400000e+03   1  4.532616798656329e-04  2.638377973304087e+04
 3.400000e+03   2  4.024712506882583e-05  2.963199445117594e+03
 3.400000e+03   3  5.373413682430248e-07  4.220367108339359e+01
 3.400000e+03   4  1.159199218819101e-10  4.220367108339359e+01

            t  it                 largFb                    Lδu
 3.450000e+03   0  1.000000000000000e+00  9.538236378143776e+04
 3.450000e+03   1  6.229707127654080e-04  3.630301388099246e+04
 3.450000e+03   2  1.026604935651678e-04  9.980018488021962e+03
 3.450000e+03   3  6.859654272192130e-06  7.972904242796868e+02
 3.450000e+03   4  4.695413275653154e-08  5.185100569146207e+00
 3.450000e+03   5  2.072721871122553e-12  5.185100569146207e+00

            t  it                 largFb                    Lδu
 3.500000e+03   0  1.000000000000000e+00  9.258250041466486e+04
 3.500000e+03   1  6.109866008303039e-04  4.194701296451400e+04
 3.500000e+03   2  1.101548997786486e-04  1.636329222508590e+04
 3.500000e+03   3  1.503979699991662e-05  2.327005406502358e+03
 3.500000e+03   4  3.412346510358000e-07  4.244063006732273e+01
 3.500000e+03   5  2.667111218430116e-09  4.244063006732273e+01

            t  it                 largFb                    Lδu
 3.550000e+03   0  1.000000000000000e+00  9.894523585735651e+04
 3.550000e+03   1  3.306062919716579e-04  3.235772194945880e+04
 3.550000e+03   2  5.150117075044772e-05  8.706032070670495e+03
 3.550000e+03   3  3.207424749045336e-06  6.381514215711406e+02
 3.550000e+03   4  1.476018325943874e-08  2.906521713828778e+00
 3.550000e+03   5  1.026763088885375e-11  2.906521713828778e+00

            t  it                 largFb                    Lδu
 3.600000e+03   0  1.000000000000000e+00  1.180470071137424e+05
 3.600000e+03   1  1.883901236692862e-04  1.616987323542471e+04
 3.600000e+03   2  2.179308205875766e-05  2.165607136171831e+03
 3.600000e+03   3  4.365882292126474e-07  4.048320297184199e+01
 3.600000e+03   4  1.702920046085289e-10  4.048320297184199e+01

            t  it                 largFb                    Lδu
 3.650000e+03   0  1.000000000000000e+00  1.275261584198176e+05
 3.650000e+03   1  6.489387076378487e-04  2.510256347871363e+04
 3.650000e+03   2  1.350770918393221e-04  8.084665945683735e+03
 3.650000e+03   3  1.036044629506805e-05  7.367421455343381e+02
 3.650000e+03   4  7.702449932359655e-08  5.563764321383852e+00
 3.650000e+03   5  4.145540129300547e-12  5.563764321383852e+00

            t  it                 largFb                    Lδu
 3.700000e+03   0  1.000000000000000e+00  2.160637537773944e+05
 3.700000e+03   1  2.115098295156031e-03  5.500210221129440e+04
 3.700000e+03   2  4.388245109770668e-04  1.902511148757978e+04
 3.700000e+03   3  5.562639017501332e-05  3.190512609041418e+03
 3.700000e+03   4  1.442186135564439e-06  8.719275441686102e+01
 3.700000e+03   5  1.054247426078801e-09  8.719275441686102e+01

            t  it                 largFb                    Lδu
 3.750000e+03   0  1.000000000000000e+00  2.161429769947015e+05
 3.750000e+03   1  1.443133681382115e-03  5.104172791048517e+04
 3.750000e+03   2  2.209047028871334e-04  1.135427447306589e+04
 3.750000e+03   3  1.254275208278588e-05  7.327895440461915e+02
 3.750000e+03   4  5.147558767474805e-08  3.031019421838304e+00
 3.750000e+03   5  8.257882055842224e-13  3.031019421838304e+00

            t  it                 largFb                    Lδu
 3.800000e+03   0  1.000000000000000e+00  3.076022793311678e+05
 3.800000e+03   1  1.276729395322691e-03  6.531865464790997e+04
 3.800000e+03   2  1.248467500308312e-04  8.181695178673211e+03
 3.800000e+03   3  2.765762383901884e-06  1.931776096170703e+02
 3.800000e+03   4  1.535799555048680e-09  1.931776096170703e+02

            t  it                 largFb                    Lδu
 3.850000e+03   0  1.000000000000000e+00  1.942242614318254e+05
 3.850000e+03   1  8.418573636054606e-04  4.259987345800476e+04
 3.850000e+03   2  3.695745560704504e-05  2.156709984591875e+03
 3.850000e+03   3  1.429253050488498e-07  8.803805025889337e+00
 3.850000e+03   4  2.162532888763495e-12  8.803805025889337e+00

            t  it                 largFb                    Lδu
 3.900000e+03   0  1.000000000000000e+00  1.319902721652546e+05
 3.900000e+03   1  5.061001271696260e-04  1.658668867482697e+04
 3.900000e+03   2  2.682208210047848e-06  1.385533262492668e+02
 3.900000e+03   3  3.478827931900999e-10  1.385533262492668e+02

            t  it                 largFb                    Lδu
 3.950000e+03   0  1.000000000000000e+00  1.018146673987418e+05
 3.950000e+03   1  2.028893156265435e-04  4.766103026394899e+03
 3.950000e+03   2  1.684433541365886e-06  9.060123345964188e+01
 3.950000e+03   3  1.462986767253554e-10  9.060123345964188e+01

            t  it                 largFb                    Lδu
 4.000000e+03   0  1.000000000000000e+00  8.622073511391498e+04
 4.000000e+03   1  1.032044961495803e-04  5.438031748913284e+03
 4.000000e+03   2  8.584998488191662e-07  4.951180581920773e+01
 4.000000e+03   3  1.119272608759514e-10  4.951180581920773e+01

            t  it                 largFb                    Lδu
 4.050000e+03   0  1.000000000000000e+00  7.843789654792855e+04
 4.050000e+03   1  3.071115489123601e-04  1.189847377122527e+04
 4.050000e+03   2  2.275948570954533e-05  7.463410441989776e+02
 4.050000e+03   3  1.379826662584660e-07  3.973439830859722e+00
 4.050000e+03   4  4.759494285234284e-12  3.973439830859722e+00

            t  it                 largFb                    Lδu
 4.100000e+03   0  1.000000000000000e+00  7.630005905561717e+04
 4.100000e+03   1  4.805382422192677e-04  1.889079945034215e+04
 4.100000e+03   2  8.336109998780638e-05  3.171673054376005e+03
 4.100000e+03   3  3.258543046271547e-06  1.156786595375279e+02
 4.100000e+03   4  5.033637936949621e-09  1.156786595375279e+02

            t  it                 largFb                    Lδu
 4.150000e+03   0  1.000000000000000e+00  8.051394361410919e+04
 4.150000e+03   1  5.129867264538729e-04  1.913175037366830e+04
 4.150000e+03   2  1.157062395929246e-04  3.855674044696720e+03
 4.150000e+03   3  6.993454117878053e-06  2.581072883787973e+02
 4.150000e+03   4  2.775990425648857e-08  1.035292532434025e+00
 4.150000e+03   5  4.213500343986168e-13  1.035292532434025e+00

            t  it                 largFb                    Lδu
 4.200000e+03   0  1.000000000000000e+00  1.179137239215589e+05
 4.200000e+03   1  9.976420269774389e-04  2.154934445578625e+04
 4.200000e+03   2  9.459558315964026e-05  3.214599542426913e+03
 4.200000e+03   3  2.353319889443408e-06  8.127488458871137e+01
 4.200000e+03   4  1.893320374394755e-09  8.127488458871137e+01

            t  it                 largFb                    Lδu
 4.250000e+03   0  1.000000000000000e+00  1.150365924770806e+05
 4.250000e+03   1  1.566791247220103e-03  2.642617999209458e+04
 4.250000e+03   2  2.104228130842095e-04  5.172118997974040e+03
 4.250000e+03   3  9.394246465003326e-06  2.502145463480747e+02
 4.250000e+03   4  2.100466788137545e-08  5.629408353459192e-01
 4.250000e+03   5  4.223912369435349e-13  5.629408353459192e-01

            t  it                 largFb                    Lδu
 4.300000e+03   0  1.000000000000000e+00  1.565866896517210e+05
 4.300000e+03   1  2.426232121646274e-03  4.469161419768722e+04
 4.300000e+03   2  2.078545953761700e-04  4.928622104065716e+03
 4.300000e+03   3  5.497347223987442e-06  1.369231426704139e+02
 4.300000e+03   4  4.434666192533639e-09  1.369231426704139e+02

            t  it                 largFb                    Lδu
 4.350000e+03   0  1.000000000000000e+00  1.449217759882863e+05
 4.350000e+03   1  1.092602196512800e-03  2.778021958280005e+04
 4.350000e+03   2  3.817320230806306e-05  1.063936272404148e+03
 4.350000e+03   3  1.102849908342059e-07  3.069463130389909e+00
 4.350000e+03   4  9.191066419229899e-13  3.069463130389909e+00

            t  it                 largFb                    Lδu
 4.400000e+03   0  1.000000000000000e+00  1.938270092244989e+05
 4.400000e+03   1  5.970382140940314e-04  2.389261653271950e+04
 4.400000e+03   2  3.467000316190879e-06  7.750743719546796e+01
 4.400000e+03   3  3.757550956582506e-10  7.750743719546796e+01

            t  it                 largFb                    Lδu
 4.450000e+03   0  1.000000000000000e+00  2.698090283539557e+05
 4.450000e+03   1  1.154179252445245e-04  6.650758646788338e+03
 4.450000e+03   2  9.171933502715808e-07  7.704646444313458e+01
 4.450000e+03   3  3.164772095156881e-10  7.704646444313458e+01

            t  it                 largFb                    Lδu
 4.500000e+03   0  1.000000000000000e+00  1.556476850435048e+05
 4.500000e+03   1  3.084267717097907e-04  1.372451034947266e+04
 4.500000e+03   2  7.654975886152763e-06  4.223276617830084e+02
 4.500000e+03   3  9.833549456761735e-09  4.223276617830084e+02

            t  it                 largFb                    Lδu
 4.550000e+03   0  1.000000000000000e+00  1.115383429732884e+05
 4.550000e+03   1  5.659174832469394e-04  2.083326369840001e+04
 4.550000e+03   2  4.121720343384531e-05  2.202196026904337e+03
 4.550000e+03   3  6.346414573474270e-07  3.254118233917551e+01
 4.550000e+03   4  1.566503641739875e-10  3.254118233917551e+01

            t  it                 largFb                    Lδu
 4.600000e+03   0  1.000000000000000e+00  8.987900834673707e+04
 4.600000e+03   1  6.196444997618190e-04  2.218462267696458e+04
 4.600000e+03   2  6.801720322895580e-05  4.336898399276160e+03
 4.600000e+03   3  2.828298852101849e-06  1.854655359930110e+02
 4.600000e+03   4  4.880037718018040e-09  1.854655359930110e+02

            t  it                 largFb                    Lδu
 4.650000e+03   0  1.000000000000000e+00  7.833825688463330e+04
 4.650000e+03   1  4.566129305779013e-04  1.902987467538732e+04
 4.650000e+03   2  5.145030090859018e-05  4.414710430730846e+03
 4.650000e+03   3  2.149176158611268e-06  2.073243561615585e+02
 4.650000e+03   4  3.855574646612976e-09  2.073243561615585e+02

            t  it                 largFb                    Lδu
 4.700000e+03   0  1.000000000000000e+00  7.253625090600863e+04
 4.700000e+03   1  2.451065009059068e-04  1.381420469543831e+04
 4.700000e+03   2  2.134039675272643e-05  2.552166925360343e+03
 4.700000e+03   3  5.139787075380471e-07  6.816473611975530e+01
 4.700000e+03   4  7.754733847919410e-10  6.816473611975530e+01

            t  it                 largFb                    Lδu
 4.750000e+03   0  1.000000000000000e+00  7.173237435244698e+04
 4.750000e+03   1  1.237310342366325e-04  9.459400898071941e+03
 4.750000e+03   2  7.656158196019644e-06  1.201215067374445e+03
 4.750000e+03   3  8.502576723960184e-08  1.480013522600795e+01
 4.750000e+03   4  3.404739167099671e-11  1.480013522600795e+01

            t  it                 largFb                    Lδu
 4.800000e+03   0  1.000000000000000e+00  7.751142924162133e+04
 4.800000e+03   1  5.236230684615355e-05  7.796917033508937e+03
 4.800000e+03   2  3.879840672514451e-06  7.866240207131003e+02
 4.800000e+03   3  2.658981869315578e-08  6.010647624107316e+00
 4.800000e+03   4  3.422963944638150e-12  6.010647624107316e+00

            t  it                 largFb                    Lδu
 4.850000e+03   0  1.000000000000000e+00  9.068431727456245e+04
 4.850000e+03   1  1.714291958207436e-04  9.667237957236659e+03
 4.850000e+03   2  4.284865373806529e-06  1.002343989723490e+03
 4.850000e+03   3  2.869215686542743e-08  8.267361776562399e+00
 4.850000e+03   4  2.119431934656476e-12  8.267361776562399e+00

            t  it                 largFb                    Lδu
 4.900000e+03   0  1.000000000000000e+00  1.171509975676605e+05
 4.900000e+03   1  8.710586620000897e-04  1.484863749759553e+04
 4.900000e+03   2  7.293320630773147e-05  2.632049451821919e+03
 4.900000e+03   3  7.557286195646559e-07  5.624420380604683e+01
 4.900000e+03   4  1.114925309507228e-10  5.624420380604683e+01

            t  it                 largFb                    Lδu
 4.950000e+03   0  1.000000000000000e+00  1.697311017041689e+05
 4.950000e+03   1  8.739294904583160e-04  1.654140497982645e+04
 4.950000e+03   2  5.655844338451030e-05  2.668016403050299e+03
 4.950000e+03   3  4.249114144313101e-07  4.367699539463032e+01
 4.950000e+03   4  3.861012289778972e-11  4.367699539463032e+01

            t  it                 largFb                    Lδu
[1;33m
it= 0 t=5000
[0mKpp  0  0   8.299529772083074e-06  3.3547310256947644e-06 [1;32m 4.9447987463883095e-06[0m
 5.000000e+03   0  1.000000000000000e+00  3.350167829187550e+05
[1;33m
it= 1 t=5000
[0mKpp  0  0   8.299355780412878e-06    8.29935578066093e-06 [1;32m 2.4805190453752735e-16[0m
 5.000000e+03   1  2.279323775141173e-03  2.651932254774656e+04
[1;33m
it= 2 t=5000
[0mKpp  0  0     8.2987753139149e-06   8.298775314124338e-06 [1;32m  2.094373665380983e-16[0m
 5.000000e+03   2  9.716565190924053e-05  6.371082170725361e+03
[1;33m
it= 3 t=5000
[0mKpp  0  0   8.298627849579322e-06   8.298627849654439e-06 [1;32m  7.511657582840586e-17[0m
 5.000000e+03   3  4.827433567877586e-07  2.107442604467613e+02
 5.000000e+03   4  3.990106925867677e-10  2.107442604467613e+02

final t  = 5000
[38;5;69mcpu time = 100.343822ms
[0mPASS
ok  	github.com/cpmech/gofem/fem	0.109s
