
========================= p02_ =========================

            t  it                 largFb                    Lδu
 5.000000e+01   0  1.002272761708355e+00  1.700669622380522e+05
 5.000000e+01   1  3.356094753020778e-17  1.700669622380522e+05

            t  it                 largFb                    Lδu
 1.000000e+02   0  1.000000000000000e+00  1.165026243339640e+05
 1.000000e+02   1  3.822572233330207e-17  1.165026243339640e+05

            t  it                 largFb                    Lδu
 1.500000e+02   0  1.000000000000000e+00  9.146221652183392e+04
 1.500000e+02   1  2.388129985444695e-17  9.146221652183392e+04

            t  it                 largFb                    Lδu
 2.000000e+02   0  1.000000000000000e+00  7.828567418451395e+04
 2.000000e+02   1  7.352837880301927e-17  7.828567418451395e+04

            t  it                 largFb                    Lδu
 2.500000e+02   0  1.000000000000000e+00  7.145610527303511e+04
 2.500000e+02   1  4.067767203092410e-17  7.145610527303511e+04

            t  it                 largFb                    Lδu
 3.000000e+02   0  1.000000000000000e+00  6.904791068601972e+04
 3.000000e+02   1  1.147956547120208e-08  5.522491411562790e+00
 3.000000e+02   2  4.022324777379713e-13  5.522491411562790e+00

            t  it                 largFb                    Lδu
 3.500000e+02   0  1.000000000000000e+00  6.125595242599011e+04
 3.500000e+02   1  6.740240206313644e-05  1.076119597621182e+04
 3.500000e+02   2  9.737962044993425e-06  2.135569848146353e+03
 3.500000e+02   3  2.915653570074534e-07  6.796170354469716e+01
 3.500000e+02   4  2.801581272540384e-10  6.796170354469716e+01

            t  it                 largFb                    Lδu
 4.000000e+02   0  1.000000000000000e+00  2.403829823377757e+05
 4.000000e+02   1  5.768715607594992e-03  7.437590676683372e+04
 4.000000e+02   2  1.251633175130176e-03  3.251559656408097e+04
 4.000000e+02   3  3.541137232602439e-04  1.946200614763070e+04
 4.000000e+02   4  8.507317888087636e-05  8.414901067781338e+03
 4.000000e+02   5  1.108669659098712e-05  1.462744857605595e+03
 4.000000e+02   6  2.833507973526230e-07  3.938419240818045e+01
 4.000000e+02   7  1.995957902774269e-10  3.938419240818045e+01

            t  it                 largFb                    Lδu
 4.500000e+02   0  1.000000000000000e+00  6.498218930090515e+04
 4.500000e+02   1  3.344605741480299e-04  1.667886384566900e+04
 4.500000e+02   2  6.820198656284644e-05  5.512622141754189e+03
 4.500000e+02   3  5.824072042020831e-06  5.650086738277051e+02
 4.500000e+02   4  5.601199446003891e-08  5.540351239643811e+00
 4.500000e+02   5  5.337191802336390e-12  5.540351239643811e+00

            t  it                 largFb                    Lδu
 5.000000e+02   0  1.000000000000000e+00  1.115852257255294e+05
 5.000000e+02   1  1.606887438499429e-03  3.630424097734048e+04
 5.000000e+02   2  3.763255307535989e-04  1.549974575932661e+04
 5.000000e+02   3  6.409946099848933e-05  3.921719301160353e+03
 5.000000e+02   4  3.577125036315553e-06  2.459656707635976e+02
 5.000000e+02   5  1.349397371867443e-08  9.349211732449295e-01
 5.000000e+02   6  1.944414139247452e-13  9.349211732449295e-01

            t  it                 largFb                    Lδu
 5.500000e+02   0  1.000000000000000e+00  7.988557858095561e+04
 5.500000e+02   1  8.107286862522791e-04  2.407942486621168e+04
 5.500000e+02   2  1.483820431881044e-04  6.837441294505461e+03
 5.500000e+02   3  1.157705420271235e-05  6.303327978595693e+02
 5.500000e+02   4  9.482020832458807e-08  5.248510795056011e+00
 5.500000e+02   5  6.548274577200704e-12  5.248510795056011e+00

            t  it                 largFb                    Lδu
 6.000000e+02   0  1.000000000000000e+00  7.547042927268666e+04
 6.000000e+02   1  6.981688213398080e-04  2.168212799463692e+04
 6.000000e+02   2  9.878593147977214e-05  4.266469376763028e+03
 6.000000e+02   3  4.071178444195207e-06  1.914727357204923e+02
 6.000000e+02   4  8.169520258416788e-09  1.914727357204923e+02

            t  it                 largFb                    Lδu
 6.500000e+02   0  1.000000000000000e+00  7.158550880155244e+04
 6.500000e+02   1  5.389410229351436e-04  1.812276797246871e+04
 6.500000e+02   2  5.247715353184351e-05  2.197030651792896e+03
 6.500000e+02   3  8.705963763139030e-07  3.767757038417388e+01
 6.500000e+02   4  2.578279537839099e-10  3.767757038417388e+01

            t  it                 largFb                    Lδu
 7.000000e+02   0  1.000000000000000e+00  7.223091288278684e+04
 7.000000e+02   1  4.182809846763525e-04  1.542848804703027e+04
 7.000000e+02   2  2.530047742641241e-05  1.065191841252829e+03
 7.000000e+02   3  1.421661656520520e-07  6.049720880923481e+00
 7.000000e+02   4  4.615479304087219e-12  6.049720880923481e+00

            t  it                 largFb                    Lδu
 7.500000e+02   0  1.000000000000000e+00  7.726695704478779e+04
 7.500000e+02   1  3.106642064050111e-04  1.305724164782082e+04
 7.500000e+02   2  9.882147311538874e-06  4.440235881213621e+02
 7.500000e+02   3  1.382395651219220e-08  6.229278014226245e-01
 7.500000e+02   4  2.737756852819184e-14  6.229278014226245e-01

            t  it                 largFb                    Lδu
 8.000000e+02   0  1.000000000000000e+00  8.876245247093601e+04
 8.000000e+02   1  2.099175237518272e-04  1.068868307388539e+04
 8.000000e+02   2  2.503346577686796e-06  1.300053410998441e+02
 8.000000e+02   3  4.335639390909418e-10  1.300053410998441e+02

            t  it                 largFb                    Lδu
 8.500000e+02   0  1.000000000000000e+00  1.124150866639835e+05
 8.500000e+02   1  1.109292204985901e-04  7.547385513350016e+03
 8.500000e+02   2  9.235016791190416e-08  6.165115515288506e+00
 8.500000e+02   3  8.929413198438541e-14  6.165115515288506e+00

            t  it                 largFb                    Lδu
 9.000000e+02   0  1.000000000000000e+00  1.675645402591457e+05
 9.000000e+02   1  2.943962978329331e-05  1.018917074771953e+03
 9.000000e+02   2  5.108667243641611e-08  6.617772258675791e-01
 9.000000e+02   3  1.306058668333610e-13  6.617772258675791e-01

            t  it                 largFb                    Lδu
 9.500000e+02   0  1.000000000000000e+00  1.303817063302900e+05
 9.500000e+02   1  1.006601530673597e-04  8.818041157509733e+03
 9.500000e+02   2  9.905549312207423e-07  8.850595144148188e+01
 9.500000e+02   3  1.028450931188363e-10  8.850595144148188e+01

            t  it                 largFb                    Lδu
 1.000000e+03   0  1.000000000000000e+00  1.016666075052538e+05
 1.000000e+03   1  2.226350304031303e-04  1.616695721863688e+04
 1.000000e+03   2  8.852306088148753e-06  7.003048282496001e+02
 1.000000e+03   3  1.763801060121559e-08  1.406561012976261e+00
 1.000000e+03   4  7.462395501880992e-14  1.406561012976261e+00

            t  it                 largFb                    Lδu
 1.050000e+03   0  1.000000000000000e+00  8.809832450821555e+04
 1.050000e+03   1  3.584449883610222e-04  2.492437175026533e+04
 1.050000e+03   2  3.601689272068637e-05  3.167810881456312e+03
 1.050000e+03   3  5.783693564373016e-07  5.341738118783682e+01
 1.050000e+03   4  1.705396727156618e-10  5.341738118783682e+01

            t  it                 largFb                    Lδu
 1.100000e+03   0  1.000000000000000e+00  8.451530035611526e+04
 1.100000e+03   1  4.980953141542886e-04  3.858718331525978e+04
 1.100000e+03   2  9.786535733327217e-05  1.281062262692671e+04
 1.100000e+03   3  8.400568015598357e-06  1.415437901844894e+03
 1.100000e+03   4  9.374309009455755e-08  1.672473407092935e+01
 1.100000e+03   5  1.316164755307825e-11  1.672473407092935e+01

            t  it                 largFb                    Lδu
 1.150000e+03   0  1.000000000000000e+00  9.495394918548658e+04
 1.150000e+03   1  5.841144698197342e-04  6.387442946571277e+04
 1.150000e+03   2  1.548240358087831e-04  4.174511532965150e+04
 1.150000e+03   3  3.825277631335985e-05  9.117815033483152e+03
 1.150000e+03   4  2.548049512987165e-06  3.104575447442617e+02
 1.150000e+03   5  2.054180344007446e-08  1.905212074367579e+00
 1.150000e+03   6  1.097458506450072e-11  1.905212074367579e+00

            t  it                 largFb                    Lδu
 1.200000e+03   0  1.000000000000000e+00  2.089879302462744e+05
 1.200000e+03   1  3.016762997198121e-04  2.569938094279973e+04
 1.200000e+03   2  5.144558588559138e-05  8.606753198833989e+03
 1.200000e+03   3  2.786659249131539e-06  4.941640949241248e+02
 1.200000e+03   4  8.247563963338232e-09  4.941640949241248e+02

            t  it                 largFb                    Lδu
 1.250000e+03   0  1.000000000000000e+00  1.525858195830091e+05
 1.250000e+03   1  7.841494345964024e-04  3.080147129286755e+04
 1.250000e+03   2  1.635681958637988e-04  1.047775172287119e+04
 1.250000e+03   3  1.434651263497082e-05  1.124908482985257e+03
 1.250000e+03   4  1.509763261439463e-07  1.209675358540804e+01
 1.250000e+03   5  1.694644856097016e-11  1.209675358540804e+01

            t  it                 largFb                    Lδu
 1.300000e+03   0  1.000000000000000e+00  5.547214583667449e+05
 1.300000e+03   1  4.698236440850438e-03  1.607066263417531e+05
 1.300000e+03   2  4.247789973768464e-04  2.187483604431816e+04
 1.300000e+03   3  4.984269571410018e-05  3.535660171837521e+03
 1.300000e+03   4  1.181740283539148e-06  8.781634022200588e+01
 1.300000e+03   5  7.201418679084492e-10  8.781634022200588e+01

            t  it                 largFb                    Lδu
 1.350000e+03   0  1.000000000000000e+00  1.764933590673396e+05
 1.350000e+03   1  7.644395287490723e-04  4.056356610246255e+04
 1.350000e+03   2  9.941741718871931e-05  7.227036598509868e+03
 1.350000e+03   3  3.190823639959251e-06  2.505843486947806e+02
 1.350000e+03   4  3.838484063409012e-09  2.505843486947806e+02

            t  it                 largFb                    Lδu
 1.400000e+03   0  1.000000000000000e+00  2.357863867501801e+05
 1.400000e+03   1  7.202570268234033e-04  5.133214692123357e+04
 1.400000e+03   2  6.507045170052635e-05  5.751963140013563e+03
 1.400000e+03   3  9.520944466361236e-07  8.770334480839101e+01
 1.400000e+03   4  2.241556498623870e-10  8.770334480839101e+01

            t  it                 largFb                    Lδu
 1.450000e+03   0  1.000000000000000e+00  1.590390005918927e+05
 1.450000e+03   1  4.702700536813064e-04  3.323027890289904e+04
 1.450000e+03   2  2.205549571691953e-05  1.795486360446323e+03
 1.450000e+03   3  7.137357229712319e-08  5.994971918478321e+00
 1.450000e+03   4  7.127214976239502e-13  5.994971918478321e+00

            t  it                 largFb                    Lδu
 1.500000e+03   0  1.000000000000000e+00  1.124761468187959e+05
 1.500000e+03   1  3.175716049012133e-04  1.532602155313014e+04
 1.500000e+03   2  5.649915288003720e-06  2.972896559769852e+02
 1.500000e+03   3  2.446414824205608e-09  2.972896559769852e+02

            t  it                 largFb                    Lδu
 1.550000e+03   0  1.000000000000000e+00  8.829691263160680e+04
 1.550000e+03   1  1.840126915998453e-04  6.189320562632750e+03
 1.550000e+03   2  1.865897068505792e-07  9.918972574765158e+00
 1.550000e+03   3  3.199481688430632e-12  9.918972574765158e+00

            t  it                 largFb                    Lδu
 1.600000e+03   0  1.000000000000000e+00  7.497263082581390e+04
 1.600000e+03   1  5.830410862766395e-05  1.298314911584455e+03
 1.600000e+03   2  1.643352701033335e-07  1.766328432738792e+01
 1.600000e+03   3  5.831655159314365e-12  1.766328432738792e+01

            t  it                 largFb                    Lδu
 1.650000e+03   0  1.000000000000000e+00  6.784561451016377e+04
 1.650000e+03   1  7.577120028454680e-05  5.065658134565250e+03
 1.650000e+03   2  7.722297794757256e-07  5.399424663562782e+01
 1.650000e+03   3  9.995192203066236e-11  5.399424663562782e+01

            t  it                 largFb                    Lδu
 1.700000e+03   0  1.000000000000000e+00  6.515001129317172e+04
 1.700000e+03   1  1.986158057584136e-04  1.073414372991068e+04
 1.700000e+03   2  1.002064886700498e-05  5.031874981732356e+02
 1.700000e+03   3  2.820573407990554e-08  1.298737454912845e+00
 1.700000e+03   4  2.002718330800304e-13  1.298737454912845e+00

            t  it                 largFb                    Lδu
 1.750000e+03   0  1.000000000000000e+00  6.691984444378183e+04
 1.750000e+03   1  3.332730045490613e-04  1.938634557071673e+04
 1.750000e+03   2  4.447928584107311e-05  2.798264143021266e+03
 1.750000e+03   3  1.061164868692973e-06  6.385953837763311e+01
 1.750000e+03   4  6.049925689206328e-10  6.385953837763311e+01

            t  it                 largFb                    Lδu
 1.800000e+03   0  1.000000000000000e+00  7.607713414184899e+04
 1.800000e+03   1  4.521860105359309e-04  3.320622865395647e+04
 1.800000e+03   2  1.170414409306259e-04  5.723796242375724e+03
 1.800000e+03   3  8.442173026169047e-06  3.677978861829048e+02
 1.800000e+03   4  4.388440221010957e-08  1.929735392617134e+00
 1.800000e+03   5  1.148355282393210e-12  1.929735392617134e+00

            t  it                 largFb                    Lδu
 1.850000e+03   0  1.000000000000000e+00  1.438620746246612e+05
 1.850000e+03   1  1.045282322753563e-03  2.740533114843543e+04
 1.850000e+03   2  1.122075799747381e-04  5.213270094282789e+03
 1.850000e+03   3  4.453987242668820e-06  2.307828989614676e+02
 1.850000e+03   4  1.083388712574095e-08  5.937557363208107e-01
 1.850000e+03   5  4.315332507318773e-12  5.937557363208107e-01

            t  it                 largFb                    Lδu
 1.900000e+03   0  1.000000000000000e+00  3.831721657962201e+05
 1.900000e+03   1  7.178484541709576e-03  1.751197268843437e+05
 1.900000e+03   2  8.470077438229565e-04  4.935573433807625e+04
 1.900000e+03   3  3.950696347597394e-04  1.223000675506667e+04
 1.900000e+03   4  3.607835630603593e-05  1.359895634991819e+03
 1.900000e+03   5  4.369682650022283e-07  1.685542337817160e+01
 1.900000e+03   6  6.667267828325621e-11  1.685542337817160e+01

            t  it                 largFb                    Lδu
 1.950000e+03   0  1.000000000000000e+00  1.907147520996024e+05
 1.950000e+03   1  2.696696804277117e-03  6.749506085403234e+04
 1.950000e+03   2  2.167512366067064e-04  7.546876155097328e+03
 1.950000e+03   3  1.030806609101574e-05  3.752842083704567e+02
 1.950000e+03   4  2.351404012679911e-08  8.681122696839582e-01
 1.950000e+03   5  1.280736584494124e-13  8.681122696839582e-01

            t  it                 largFb                    Lδu
 2.000000e+03   0  1.000000000000000e+00  1.375749786462202e+05
 2.000000e+03   1  1.092396298064214e-03  3.685235763844779e+04
 2.000000e+03   2  5.842986242860908e-05  2.326679552771556e+03
 2.000000e+03   3  5.203859956598618e-07  2.052394050673279e+01
 2.000000e+03   4  3.671843395742364e-11  2.052394050673279e+01

            t  it                 largFb                    Lδu
 2.050000e+03   0  1.000000000000000e+00  1.362530088818420e+05
 2.050000e+03   1  5.345850324241324e-04  2.484475476502942e+04
 2.050000e+03   2  7.741209099203304e-06  3.837217725915062e+02
 2.050000e+03   3  5.361738120764764e-09  3.837217725915062e+02

            t  it                 largFb                    Lδu
 2.100000e+03   0  1.000000000000000e+00  1.690885433724145e+05
 2.100000e+03   1  2.174113301374311e-04  1.557792657437901e+04
 2.100000e+03   2  8.629788216112403e-07  6.435102296382098e+01
 2.100000e+03   3  3.730205785679648e-11  6.435102296382098e+01

            t  it                 largFb                    Lδu
 2.150000e+03   0  1.000000000000000e+00  2.011188231403743e+05
 2.150000e+03   1  1.987504016985120e-05  2.360112131109121e+03
 2.150000e+03   2  2.744380548106125e-07  3.555327573385709e+01
 2.150000e+03   3  1.224225036722882e-10  3.555327573385709e+01

            t  it                 largFb                    Lδu
 2.200000e+03   0  1.000000000000000e+00  1.322235695207154e+05
 2.200000e+03   1  2.242708231117051e-04  1.671506999937531e+04
 2.200000e+03   2  7.159496202681066e-06  5.773243720818959e+02
 2.200000e+03   3  9.328180640573967e-09  5.773243720818959e+02

            t  it                 largFb                    Lδu
 2.250000e+03   0  1.000000000000000e+00  1.038522618074094e+05
 2.250000e+03   1  4.225008831288479e-04  2.799996693071158e+04
 2.250000e+03   2  4.245139922685713e-05  3.581223801649493e+03
 2.250000e+03   3  7.026973427098839e-07  6.268990776903767e+01
 2.250000e+03   4  2.243444073091530e-10  6.268990776903767e+01

            t  it                 largFb                    Lδu
 2.300000e+03   0  1.000000000000000e+00  9.346400019856615e+04
 2.300000e+03   1  5.961514534886332e-04  4.205210578922612e+04
 2.300000e+03   2  1.173878373279417e-04  1.432945871452258e+04
 2.300000e+03   3  1.031899618009338e-05  1.690742595670645e+03
 2.300000e+03   4  1.411557784655979e-07  2.289779613124146e+01
 2.300000e+03   5  2.717867447277606e-11  2.289779613124146e+01

            t  it                 largFb                    Lδu
 2.350000e+03   0  1.000000000000000e+00  9.985177146331090e+04
 2.350000e+03   1  6.466384866848659e-04  6.134655489555805e+04
 2.350000e+03   2  1.501480916928940e-04  3.388717013344735e+04
 2.350000e+03   3  3.330455626904732e-05  6.097797259720116e+03
 2.350000e+03   4  1.445800533994710e-06  2.440024168059665e+02
 2.350000e+03   5  1.348492801792186e-08  1.090886496532299e+00
 2.350000e+03   6  4.370574540300820e-12  1.090886496532299e+00

            t  it                 largFb                    Lδu
 2.400000e+03   0  1.000000000000000e+00  1.623813204737843e+05
 2.400000e+03   1  2.667090283519466e-04  3.102813427989925e+04
 2.400000e+03   2  5.368672886005571e-05  1.070462822064533e+04
 2.400000e+03   3  3.288092147011956e-06  7.938120220660328e+02
 2.400000e+03   4  1.470521179376109e-08  3.492413189139538e+00
 2.400000e+03   5  3.586375445750745e-12  3.492413189139538e+00

            t  it                 largFb                    Lδu
 2.450000e+03   0  1.000000000000000e+00  1.539315192554772e+05
 2.450000e+03   1  8.508851258914672e-04  3.155798404835747e+04
 2.450000e+03   2  1.895385668081613e-04  1.142731626967535e+04
 2.450000e+03   3  1.918171785761272e-05  1.468801255714304e+03
 2.450000e+03   4  2.766950307965648e-07  2.182768626611109e+01
 2.450000e+03   5  5.987545516843892e-11  2.182768626611109e+01

            t  it                 largFb                    Lδu
 2.500000e+03   0  1.000000000000000e+00  4.615727722289388e+05
 2.500000e+03   1  4.637458579606912e-03  1.355692579686217e+05
 2.500000e+03   2  5.625674282370273e-04  2.631445939857140e+04
 2.500000e+03   3  8.059752392327593e-05  5.212922746088689e+03
 2.500000e+03   4  3.029842833593434e-06  2.118303123394192e+02
 2.500000e+03   5  4.895252874776962e-09  2.118303123394192e+02

            t  it                 largFb                    Lδu
 2.550000e+03   0  1.000000000000000e+00  1.865804190599951e+05
 2.550000e+03   1  9.545481136251302e-04  4.402411986972449e+04
 2.550000e+03   2  1.360609091419929e-04  8.805192726715828e+03
 2.550000e+03   3  5.735232228104270e-06  4.098685031201966e+02
 2.550000e+03   4  1.233457823071879e-08  8.849552578044011e-01
 2.550000e+03   5  4.466642027152099e-14  8.849552578044011e-01

            t  it                 largFb                    Lδu
 2.600000e+03   0  1.000000000000000e+00  2.572191142545182e+05
 2.600000e+03   1  9.202515592037807e-04  5.710291855140532e+04
 2.600000e+03   2  9.075752945760357e-05  7.119439181995049e+03
 2.600000e+03   3  1.753580913125967e-06  1.457228156876622e+02
 2.600000e+03   4  7.369732612190548e-10  1.457228156876622e+02

            t  it                 largFb                    Lδu
 2.650000e+03   0  1.000000000000000e+00  1.779987468989363e+05
 2.650000e+03   1  6.015152960613924e-04  3.952492608252147e+04
 2.650000e+03   2  3.025956032339852e-05  2.299626867402417e+03
 2.650000e+03   3  1.237889936066702e-07  9.903298491462065e+00
 2.650000e+03   4  2.079533746400910e-12  9.903298491462065e+00

            t  it                 largFb                    Lδu
 2.700000e+03   0  1.000000000000000e+00  1.231896761698820e+05
 2.700000e+03   1  3.969134308879588e-04  1.725728049542505e+04
 2.700000e+03   2  6.454607859193938e-06  2.955502537029958e+02
 2.700000e+03   3  2.727354998046966e-09  2.955502537029958e+02

            t  it                 largFb                    Lδu
 2.750000e+03   0  1.000000000000000e+00  9.559180975100117e+04
 2.750000e+03   1  2.117363871013079e-04  6.306634118133633e+03
 2.750000e+03   2  4.555755780317439e-07  5.024874528668369e+01
 2.750000e+03   3  2.708522884431351e-11  5.024874528668369e+01

            t  it                 largFb                    Lδu
 2.800000e+03   0  1.000000000000000e+00  8.091315797019849e+04
 2.800000e+03   1  3.789985527461265e-05  2.612107544842531e+03
 2.800000e+03   2  9.310474171578959e-08  4.095100766232952e+01
 2.800000e+03   3  2.068762975463856e-11  4.095100766232952e+01

            t  it                 largFb                    Lδu
 2.850000e+03   0  1.000000000000000e+00  7.338189788854044e+04
 2.850000e+03   1  1.331274348236872e-04  7.790377860039155e+03
 2.850000e+03   2  3.400805070967026e-06  1.661990374401306e+02
 2.850000e+03   3  2.222323868243008e-09  1.661990374401306e+02

            t  it                 largFb                    Lδu
 2.900000e+03   0  1.000000000000000e+00  7.106543381762631e+04
 2.900000e+03   1  3.007717276524255e-04  1.496089535556187e+04
 2.900000e+03   2  2.742853645552210e-05  1.302550856251398e+03
 2.900000e+03   3  2.725982883413952e-07  1.187738792156963e+01
 2.900000e+03   4  2.584831057284324e-11  1.187738792156963e+01

            t  it                 largFb                    Lδu
 2.950000e+03   0  1.000000000000000e+00  7.436565592896796e+04
 2.950000e+03   1  4.473780228566341e-04  2.539469322778604e+04
 2.950000e+03   2  9.140621498139790e-05  5.287882248743372e+03
 2.950000e+03   3  5.204416103191033e-06  2.619827959174846e+02
 2.950000e+03   4  1.655404018628215e-08  7.852802278566378e-01
 2.950000e+03   5  1.522311194202680e-13  7.852802278566378e-01

            t  it                 largFb                    Lδu
 3.000000e+03   0  1.000000000000000e+00  9.357702011957459e+04
 3.000000e+03   1  5.111990850939625e-04  2.236703190458108e+04
 3.000000e+03   2  1.239121516631319e-04  3.981030471218134e+03
 3.000000e+03   3  7.554576627486129e-06  3.374262051674529e+02
 3.000000e+03   4  3.482873953919262e-08  1.473571603671669e+00
 3.000000e+03   5  6.712243845322704e-13  1.473571603671669e+00

            t  it                 largFb                    Lδu
 3.050000e+03   0  1.000000000000000e+00  2.137106383191515e+05
 3.050000e+03   1  4.295102353908020e-03  6.614857264570617e+04
 3.050000e+03   2  6.908883847116505e-04  1.847688219382033e+04
 3.050000e+03   3  1.066981267313759e-04  3.866730569952099e+03
 3.050000e+03   4  4.016277977916805e-06  1.559851986237362e+02
 3.050000e+03   5  6.348400600402013e-09  1.559851986237362e+02

            t  it                 largFb                    Lδu
 3.100000e+03   0  1.000000000000000e+00  2.284978631486745e+05
 3.100000e+03   1  4.122256869905847e-03  8.582715200363517e+04
 3.100000e+03   2  2.648360908624533e-04  8.498796378134619e+03
 3.100000e+03   3  1.768944981983089e-05  5.911813308372537e+02
 3.100000e+03   4  7.677744201024144e-08  2.623176781142051e+00
 3.100000e+03   5  1.530754255990585e-12  2.623176781142051e+00

            t  it                 largFb                    Lδu
 3.150000e+03   0  1.000000000000000e+00  1.467446042062680e+05
 3.150000e+03   1  1.533242800766034e-03  4.204574675087236e+04
 3.150000e+03   2  1.112115374268927e-04  3.808766195414637e+03
 3.150000e+03   3  2.010995159621039e-06  6.956134724946047e+01
 3.150000e+03   4  6.426867477332503e-10  6.956134724946047e+01

            t  it                 largFb                    Lδu
 3.200000e+03   0  1.000000000000000e+00  1.419961276868638e+05
 3.200000e+03   1  7.960167999823270e-04  2.997707353982698e+04
 3.200000e+03   2  2.057699000414031e-05  8.490075293622425e+02
 3.200000e+03   3  4.160663080103426e-08  1.672925897649563e+00
 3.200000e+03   4  1.317417854494740e-13  1.672925897649563e+00

            t  it                 largFb                    Lδu
 3.250000e+03   0  1.000000000000000e+00  1.695887834321307e+05
 3.250000e+03   1  3.585867243190835e-04  2.051215382601068e+04
 3.250000e+03   2  6.996140351328540e-07  4.319995207892944e+01
 3.250000e+03   3  1.925618455701506e-11  4.319995207892944e+01

            t  it                 largFb                    Lδu
 3.300000e+03   0  1.000000000000000e+00  2.447388215210079e+05
 3.300000e+03   1  7.122275107701290e-05  5.160075153241150e+03
 3.300000e+03   2  3.349649869047573e-07  4.670784883120017e+01
 3.300000e+03   3  1.398732136400421e-10  4.670784883120017e+01

            t  it                 largFb                    Lδu
 3.350000e+03   0  1.000000000000000e+00  1.486421564078798e+05
 3.350000e+03   1  2.185312539081150e-04  1.507013159013723e+04
 3.350000e+03   2  5.422319837814914e-06  4.084463207721003e+02
 3.350000e+03   3  4.452256815990190e-09  4.084463207721003e+02

            t  it                 largFb                    Lδu
 3.400000e+03   0  1.000000000000000e+00  1.112369451052866e+05
 3.400000e+03   1  4.532616798656273e-04  2.638377973304048e+04
 3.400000e+03   2  4.024712506882095e-05  2.963199445117180e+03
 3.400000e+03   3  5.373413682475785e-07  4.220367108378034e+01
 3.400000e+03   4  1.159199255139874e-10  4.220367108378034e+01

            t  it                 largFb                    Lδu
 3.450000e+03   0  1.000000000000000e+00  9.538236378143758e+04
 3.450000e+03   1  6.229707127654113e-04  3.630301388099224e+04
 3.450000e+03   2  1.026604935651614e-04  9.980018488021879e+03
 3.450000e+03   3  6.859654272193744e-06  7.972904242801781e+02
 3.450000e+03   4  4.695413275511165e-08  5.185100568723839e+00
 3.450000e+03   5  2.072721480852122e-12  5.185100568723839e+00

            t  it                 largFb                    Lδu
 3.500000e+03   0  1.000000000000000e+00  9.258250041466473e+04
 3.500000e+03   1  6.109866008303091e-04  4.194701296451432e+04
 3.500000e+03   2  1.101548997786485e-04  1.636329222508584e+04
 3.500000e+03   3  1.503979699991664e-05  2.327005406502207e+03
 3.500000e+03   4  3.412346510376702e-07  4.244063006745317e+01
 3.500000e+03   5  2.667111218674061e-09  4.244063006745317e+01

            t  it                 largFb                    Lδu
 3.550000e+03   0  1.000000000000000e+00  9.894523585735654e+04
 3.550000e+03   1  3.306062919716550e-04  3.235772194945840e+04
 3.550000e+03   2  5.150117075044673e-05  8.706032070670673e+03
 3.550000e+03   3  3.207424749045740e-06  6.381514215709641e+02
 3.550000e+03   4  1.476018325963790e-08  2.906521713682323e+00
 3.550000e+03   5  1.026763006214959e-11  2.906521713682323e+00

            t  it                 largFb                    Lδu
 3.600000e+03   0  1.000000000000000e+00  1.180470071137463e+05
 3.600000e+03   1  1.883901236693179e-04  1.616987323542596e+04
 3.600000e+03   2  2.179308205876198e-05  2.165607136172504e+03
 3.600000e+03   3  4.365882292187019e-07  4.048320297158318e+01
 3.600000e+03   4  1.702920013559224e-10  4.048320297158318e+01

            t  it                 largFb                    Lδu
 3.650000e+03   0  1.000000000000000e+00  1.275261584198112e+05
 3.650000e+03   1  6.489387076377877e-04  2.510256347871198e+04
 3.650000e+03   2  1.350770918392981e-04  8.084665945682435e+03
 3.650000e+03   3  1.036044629507029e-05  7.367421455343683e+02
 3.650000e+03   4  7.702449932070308e-08  5.563764321224961e+00
 3.650000e+03   5  4.145546109353155e-12  5.563764321224961e+00

            t  it                 largFb                    Lδu
 3.700000e+03   0  1.000000000000000e+00  2.160637537774064e+05
 3.700000e+03   1  2.115098295156282e-03  5.500210221129879e+04
 3.700000e+03   2  4.388245109770996e-04  1.902511148758123e+04
 3.700000e+03   3  5.562639017502848e-05  3.190512609041722e+03
 3.700000e+03   4  1.442186135566233e-06  8.719275441713341e+01
 3.700000e+03   5  1.054247426982877e-09  8.719275441713341e+01

            t  it                 largFb                    Lδu
 3.750000e+03   0  1.000000000000000e+00  2.161429769946923e+05
 3.750000e+03   1  1.443133681382013e-03  5.104172791048202e+04
 3.750000e+03   2  2.209047028871138e-04  1.135427447306506e+04
 3.750000e+03   3  1.254275208277806e-05  7.327895440458125e+02
 3.750000e+03   4  5.147558767545278e-08  3.031019422173590e+00
 3.750000e+03   5  8.257927558452151e-13  3.031019422173590e+00

            t  it                 largFb                    Lδu
 3.800000e+03   0  1.000000000000000e+00  3.076022793311687e+05
 3.800000e+03   1  1.276729395322695e-03  6.531865464791060e+04
 3.800000e+03   2  1.248467500308319e-04  8.181695178673018e+03
 3.800000e+03   3  2.765762383904215e-06  1.931776096169189e+02
 3.800000e+03   4  1.535799558236912e-09  1.931776096169189e+02

            t  it                 largFb                    Lδu
 3.850000e+03   0  1.000000000000000e+00  1.942242614318255e+05
 3.850000e+03   1  8.418573636054393e-04  4.259987345800368e+04
 3.850000e+03   2  3.695745560704255e-05  2.156709984591853e+03
 3.850000e+03   3  1.429253050507133e-07  8.803805026163193e+00
 3.850000e+03   4  2.162537923527334e-12  8.803805026163193e+00

            t  it                 largFb                    Lδu
 3.900000e+03   0  1.000000000000000e+00  1.319902721652550e+05
 3.900000e+03   1  5.061001271696100e-04  1.658668867482633e+04
 3.900000e+03   2  2.682208210044365e-06  1.385533262492655e+02
 3.900000e+03   3  3.478827933391777e-10  1.385533262492655e+02

            t  it                 largFb                    Lδu
 3.950000e+03   0  1.000000000000000e+00  1.018146673987415e+05
 3.950000e+03   1  2.028893156265221e-04  4.766103026394206e+03
 3.950000e+03   2  1.684433541366523e-06  9.060123345956330e+01
 3.950000e+03   3  1.462986689462049e-10  9.060123345956330e+01

            t  it                 largFb                    Lδu
 4.000000e+03   0  1.000000000000000e+00  8.622073511391523e+04
 4.000000e+03   1  1.032044961495948e-04  5.438031748913862e+03
 4.000000e+03   2  8.584998488198845e-07  4.951180581927815e+01
 4.000000e+03   3  1.119272528393028e-10  4.951180581927815e+01

            t  it                 largFb                    Lδu
 4.050000e+03   0  1.000000000000000e+00  7.843789654792855e+04
 4.050000e+03   1  3.071115489123716e-04  1.189847377122582e+04
 4.050000e+03   2  2.275948570955084e-05  7.463410441991633e+02
 4.050000e+03   3  1.379826662589674e-07  3.973439830962280e+00
 4.050000e+03   4  4.759492171040047e-12  3.973439830962280e+00

            t  it                 largFb                    Lδu
 4.100000e+03   0  1.000000000000000e+00  7.630005905561728e+04
 4.100000e+03   1  4.805382422192726e-04  1.889079945034246e+04
 4.100000e+03   2  8.336109998780434e-05  3.171673054376376e+03
 4.100000e+03   3  3.258543046272407e-06  1.156786595373369e+02
 4.100000e+03   4  5.033637937227448e-09  1.156786595373369e+02

            t  it                 largFb                    Lδu
 4.150000e+03   0  1.000000000000000e+00  8.051394361410922e+04
 4.150000e+03   1  5.129867264538669e-04  1.913175037366783e+04
 4.150000e+03   2  1.157062395929236e-04  3.855674044696647e+03
 4.150000e+03   3  6.993454117879570e-06  2.581072883787855e+02
 4.150000e+03   4  2.775990425345280e-08  1.035292532425069e+00
 4.150000e+03   5  4.213500276223532e-13  1.035292532425069e+00

            t  it                 largFb                    Lδu
 4.200000e+03   0  1.000000000000000e+00  1.179137239215634e+05
 4.200000e+03   1  9.976420269775478e-04  2.154934445578774e+04
 4.200000e+03   2  9.459558315965682e-05  3.214599542427487e+03
 4.200000e+03   3  2.353319889449913e-06  8.127488458878578e+01
 4.200000e+03   4  1.893320371250569e-09  8.127488458878578e+01

            t  it                 largFb                    Lδu
 4.250000e+03   0  1.000000000000000e+00  1.150365924770716e+05
 4.250000e+03   1  1.566791247219797e-03  2.642617999209066e+04
 4.250000e+03   2  2.104228130841501e-04  5.172118997972775e+03
 4.250000e+03   3  9.394246464999802e-06  2.502145463479247e+02
 4.250000e+03   4  2.100466788793488e-08  5.629408354019323e-01
 4.250000e+03   5  4.223907736165128e-13  5.629408354019323e-01

            t  it                 largFb                    Lδu
 4.300000e+03   0  1.000000000000000e+00  1.565866896517262e+05
 4.300000e+03   1  2.426232121646442e-03  4.469161419769021e+04
 4.300000e+03   2  2.078545953761659e-04  4.928622104065716e+03
 4.300000e+03   3  5.497347223998663e-06  1.369231426705499e+02
 4.300000e+03   4  4.434666193021530e-09  1.369231426705499e+02

            t  it                 largFb                    Lδu
 4.350000e+03   0  1.000000000000000e+00  1.449217759882841e+05
 4.350000e+03   1  1.092602196512766e-03  2.778021958279909e+04
 4.350000e+03   2  3.817320230805818e-05  1.063936272404173e+03
 4.350000e+03   3  1.102849908345854e-07  3.069463130337303e+00
 4.350000e+03   4  9.190987272471307e-13  3.069463130337303e+00

            t  it                 largFb                    Lδu
 4.400000e+03   0  1.000000000000000e+00  1.938270092244982e+05
 4.400000e+03   1  5.970382140940301e-04  2.389261653271916e+04
 4.400000e+03   2  3.467000316202525e-06  7.750743719524266e+01
 4.400000e+03   3  3.757551099697193e-10  7.750743719524266e+01

            t  it                 largFb                    Lδu
 4.450000e+03   0  1.000000000000000e+00  2.698090283539567e+05
 4.450000e+03   1  1.154179252445211e-04  6.650758646787897e+03
 4.450000e+03   2  9.171933502693645e-07  7.704646444347971e+01
 4.450000e+03   3  3.164772094627486e-10  7.704646444347971e+01

            t  it                 largFb                    Lδu
 4.500000e+03   0  1.000000000000000e+00  1.556476850435048e+05
 4.500000e+03   1  3.084267717097885e-04  1.372451034947252e+04
 4.500000e+03   2  7.654975886152871e-06  4.223276617831286e+02
 4.500000e+03   3  9.833549454261731e-09  4.223276617831286e+02

            t  it                 largFb                    Lδu
 4.550000e+03   0  1.000000000000000e+00  1.115383429732885e+05
 4.550000e+03   1  5.659174832469514e-04  2.083326369840017e+04
 4.550000e+03   2  4.121720343384222e-05  2.202196026904297e+03
 4.550000e+03   3  6.346414573445981e-07  3.254118233894671e+01
 4.550000e+03   4  1.566503662598591e-10  3.254118233894671e+01

            t  it                 largFb                    Lδu
 4.600000e+03   0  1.000000000000000e+00  8.987900834673701e+04
 4.600000e+03   1  6.196444997618159e-04  2.218462267696453e+04
 4.600000e+03   2  6.801720322895384e-05  4.336898399276124e+03
 4.600000e+03   3  2.828298852101650e-06  1.854655359932269e+02
 4.600000e+03   4  4.880037719217227e-09  1.854655359932269e+02

            t  it                 largFb                    Lδu
 4.650000e+03   0  1.000000000000000e+00  7.833825688463330e+04
 4.650000e+03   1  4.566129305779053e-04  1.902987467538743e+04
 4.650000e+03   2  5.145030090859138e-05  4.414710430730845e+03
 4.650000e+03   3  2.149176158610330e-06  2.073243561615492e+02
 4.650000e+03   4  3.855574645365197e-09  2.073243561615492e+02

            t  it                 largFb                    Lδu
 4.700000e+03   0  1.000000000000000e+00  7.253625090600863e+04
 4.700000e+03   1  2.451065009059085e-04  1.381420469543827e+04
 4.700000e+03   2  2.134039675272656e-05  2.552166925360357e+03
 4.700000e+03   3  5.139787075387992e-07  6.816473611972295e+01
 4.700000e+03   4  7.754733852009884e-10  6.816473611972295e+01

            t  it                 largFb                    Lδu
 4.750000e+03   0  1.000000000000000e+00  7.173237435244698e+04
 4.750000e+03   1  1.237310342366349e-04  9.459400898071844e+03
 4.750000e+03   2  7.656158196018643e-06  1.201215067374548e+03
 4.750000e+03   3  8.502576723955254e-08  1.480013522598598e+01
 4.750000e+03   4  3.404739206467513e-11  1.480013522598598e+01

            t  it                 largFb                    Lδu
 4.800000e+03   0  1.000000000000000e+00  7.751142924162128e+04
 4.800000e+03   1  5.236230684615345e-05  7.796917033508974e+03
 4.800000e+03   2  3.879840672514273e-06  7.866240207131953e+02
 4.800000e+03   3  2.658981869219529e-08  6.010647624049160e+00
 4.800000e+03   4  3.422964309516617e-12  6.010647624049160e+00

            t  it                 largFb                    Lδu
 4.850000e+03   0  1.000000000000000e+00  9.068431727456240e+04
 4.850000e+03   1  1.714291958207487e-04  9.667237957236823e+03
 4.850000e+03   2  4.284865373807933e-06  1.002343989723312e+03
 4.850000e+03   3  2.869215686428220e-08  8.267361776676831e+00
 4.850000e+03   4  2.119432279399713e-12  8.267361776676831e+00

            t  it                 largFb                    Lδu
 4.900000e+03   0  1.000000000000000e+00  1.171509975676605e+05
 4.900000e+03   1  8.710586620001051e-04  1.484863749759559e+04
 4.900000e+03   2  7.293320630773201e-05  2.632049451822017e+03
 4.900000e+03   3  7.557286195699769e-07  5.624420380593052e+01
 4.900000e+03   4  1.114925304348798e-10  5.624420380593052e+01

            t  it                 largFb                    Lδu
 4.950000e+03   0  1.000000000000000e+00  1.697311017041689e+05
 4.950000e+03   1  8.739294904583097e-04  1.654140497982637e+04
 4.950000e+03   2  5.655844338451351e-05  2.668016403050437e+03
 4.950000e+03   3  4.249114144302462e-07  4.367699539436478e+01
 4.950000e+03   4  3.861011936396827e-11  4.367699539436478e+01

            t  it                 largFb                    Lδu
[1;33m
it= 0 t=5000
[0mKpp  0  0   8.299529772083068e-06  3.3547310258256784e-06 [1;32m  4.944798746257389e-06[0m
 5.000000e+03   0  1.000000000000000e+00  3.350167829187550e+05
[1;33m
it= 1 t=5000
[0mKpp  0  0   8.299355780412873e-06   8.299355780285137e-06 [1;32m  1.277359565777375e-16[0m
 5.000000e+03   1  2.279323775141181e-03  2.651932254774662e+04
[1;33m
it= 2 t=5000
[0mKpp  0  0     8.2987753139149e-06   8.298775313800024e-06 [1;32m 1.1487630237252272e-16[0m
 5.000000e+03   2  9.716565190923945e-05  6.371082170725545e+03
[1;33m
it= 3 t=5000
[0mKpp  0  0   8.298627849579314e-06   8.298627849414346e-06 [1;32m 1.6496813680724753e-16[0m
 5.000000e+03   3  4.827433567881820e-07  2.107442604467122e+02
 5.000000e+03   4  3.990106927909680e-10  2.107442604467122e+02

final t  = 5000
[38;5;69mcpu time = 164.360052ms
[0mPASS
ok  	github.com/cpmech/gofem/fem	0.177s
